2022-11-22 08:52:00.089  INFO 12724 --- [           main] o.s.b.w.embedded.tomcat.TomcatWebServer  : Tomcat initialized with port(s): 9999 (http)
2022-11-22 08:52:00.167  INFO 12724 --- [           main] w.s.c.ServletWebServerApplicationContext : Root WebApplicationContext: initialization completed in 1249 ms
2022-11-22 08:52:00.998  INFO 12724 --- [           main] o.s.b.w.embedded.tomcat.TomcatWebServer  : Tomcat started on port(s): 9999 (http) with context path '/vue'
2022-11-22 08:53:36.886  INFO 12724 --- [nio-9999-exec-2] o.s.web.servlet.DispatcherServlet        : Initializing Servlet 'dispatcherServlet'
2022-11-22 08:53:36.888  INFO 12724 --- [nio-9999-exec-2] o.s.web.servlet.DispatcherServlet        : Completed initialization in 1 ms
2022-11-22 08:58:34.084  INFO 12724 --- [nio-9999-exec-5] c.ssafy.vue.controller.BoardController   : listArticle - 호출 BoardParameterDto [pg=1, spp=10, start=0, key=, word=]
2022-11-22 08:58:34.119  INFO 12724 --- [nio-9999-exec-7] c.ssafy.vue.controller.BoardController   : getTotalPage - 호출 4
2022-11-22 08:58:35.085  INFO 12724 --- [io-9999-exec-10] com.ssafy.vue.controller.QnaController   : listArticle - 호출
2022-11-22 08:58:35.095  INFO 12724 --- [nio-9999-exec-9] com.ssafy.vue.controller.QnaController   : getTotalPage - 호출 0
2022-11-22 08:58:36.731  INFO 12724 --- [nio-9999-exec-3] c.ssafy.vue.controller.BoardController   : listArticle - 호출 BoardParameterDto [pg=1, spp=10, start=0, key=, word=]
2022-11-22 08:58:36.733  INFO 12724 --- [nio-9999-exec-2] c.ssafy.vue.controller.BoardController   : getTotalPage - 호출 4
2022-11-22 08:59:02.899  INFO 12724 --- [nio-9999-exec-5] c.ssafy.vue.controller.BoardController   : listArticle - 호출 BoardParameterDto [pg=1, spp=10, start=0, key=, word=]
2022-11-22 08:59:02.901  INFO 12724 --- [nio-9999-exec-8] c.ssafy.vue.controller.BoardController   : getTotalPage - 호출 4
2022-11-22 16:23:16.072  INFO 13380 --- [           main] o.s.b.w.embedded.tomcat.TomcatWebServer  : Tomcat initialized with port(s): 9999 (http)
2022-11-22 16:23:16.192  INFO 13380 --- [           main] w.s.c.ServletWebServerApplicationContext : Root WebApplicationContext: initialization completed in 1243 ms
2022-11-22 16:23:17.034  INFO 13380 --- [           main] o.s.b.w.embedded.tomcat.TomcatWebServer  : Tomcat started on port(s): 9999 (http) with context path '/vue'
2022-11-22 16:23:17.060  WARN 13380 --- [           main] ConfigServletWebServerApplicationContext : Exception encountered during context initialization - cancelling refresh attempt: org.springframework.context.ApplicationContextException: Failed to start bean 'documentationPluginsBootstrapper'; nested exception is java.lang.NullPointerException
2022-11-22 16:23:17.176  INFO 13380 --- [           main] ConditionEvaluationReportLoggingListener : 

Error starting ApplicationContext. To display the conditions report re-run your application with 'debug' enabled.
2022-11-22 16:23:17.192 ERROR 13380 --- [           main] o.s.boot.SpringApplication               : Application run failed

org.springframework.context.ApplicationContextException: Failed to start bean 'documentationPluginsBootstrapper'; nested exception is java.lang.NullPointerException
	at org.springframework.context.support.DefaultLifecycleProcessor.doStart(DefaultLifecycleProcessor.java:181)
	at org.springframework.context.support.DefaultLifecycleProcessor.access$200(DefaultLifecycleProcessor.java:54)
	at org.springframework.context.support.DefaultLifecycleProcessor$LifecycleGroup.start(DefaultLifecycleProcessor.java:356)
	at java.lang.Iterable.forEach(Iterable.java:75)
	at org.springframework.context.support.DefaultLifecycleProcessor.startBeans(DefaultLifecycleProcessor.java:155)
	at org.springframework.context.support.DefaultLifecycleProcessor.onRefresh(DefaultLifecycleProcessor.java:123)
	at org.springframework.context.support.AbstractApplicationContext.finishRefresh(AbstractApplicationContext.java:935)
	at org.springframework.context.support.AbstractApplicationContext.refresh(AbstractApplicationContext.java:586)
	at org.springframework.boot.web.servlet.context.ServletWebServerApplicationContext.refresh(ServletWebServerApplicationContext.java:147)
	at org.springframework.boot.SpringApplication.refresh(SpringApplication.java:734)
	at org.springframework.boot.SpringApplication.refreshContext(SpringApplication.java:408)
	at org.springframework.boot.SpringApplication.run(SpringApplication.java:308)
	at org.springframework.boot.SpringApplication.run(SpringApplication.java:1306)
	at org.springframework.boot.SpringApplication.run(SpringApplication.java:1295)
	at com.ssafy.vue.VueApiApplication.main(VueApiApplication.java:10)
Caused by: java.lang.NullPointerException: null
	at springfox.documentation.spi.service.contexts.Orderings$8.compare(Orderings.java:113)
	at springfox.documentation.spi.service.contexts.Orderings$8.compare(Orderings.java:110)
	at com.google.common.collect.ComparatorOrdering.compare(ComparatorOrdering.java:37)
	at java.util.TimSort.countRunAndMakeAscending(TimSort.java:355)
	at java.util.TimSort.sort(TimSort.java:234)
	at java.util.Arrays.sort(Arrays.java:1438)
	at com.google.common.collect.Ordering.sortedCopy(Ordering.java:855)
	at springfox.documentation.spring.web.plugins.WebMvcRequestHandlerProvider.requestHandlers(WebMvcRequestHandlerProvider.java:57)
	at springfox.documentation.spring.web.plugins.DocumentationPluginsBootstrapper$2.apply(DocumentationPluginsBootstrapper.java:133)
	at springfox.documentation.spring.web.plugins.DocumentationPluginsBootstrapper$2.apply(DocumentationPluginsBootstrapper.java:130)
	at com.google.common.collect.Iterators$7.transform(Iterators.java:750)
	at com.google.common.collect.TransformedIterator.next(TransformedIterator.java:47)
	at com.google.common.collect.TransformedIterator.next(TransformedIterator.java:47)
	at com.google.common.collect.MultitransformedIterator.hasNext(MultitransformedIterator.java:52)
	at com.google.common.collect.MultitransformedIterator.hasNext(MultitransformedIterator.java:50)
	at com.google.common.collect.ImmutableList.copyOf(ImmutableList.java:249)
	at com.google.common.collect.ImmutableList.copyOf(ImmutableList.java:209)
	at com.google.common.collect.FluentIterable.toList(FluentIterable.java:614)
	at springfox.documentation.spring.web.plugins.DocumentationPluginsBootstrapper.defaultContextBuilder(DocumentationPluginsBootstrapper.java:104)
	at springfox.documentation.spring.web.plugins.DocumentationPluginsBootstrapper.buildContext(DocumentationPluginsBootstrapper.java:91)
	at springfox.documentation.spring.web.plugins.DocumentationPluginsBootstrapper.start(DocumentationPluginsBootstrapper.java:158)
	at org.springframework.context.support.DefaultLifecycleProcessor.doStart(DefaultLifecycleProcessor.java:178)
	... 14 common frames omitted

2022-11-22 16:23:53.077  INFO 8812 --- [           main] o.s.b.w.embedded.tomcat.TomcatWebServer  : Tomcat initialized with port(s): 9999 (http)
2022-11-22 16:23:53.161  INFO 8812 --- [           main] w.s.c.ServletWebServerApplicationContext : Root WebApplicationContext: initialization completed in 1133 ms
2022-11-22 16:23:53.975  INFO 8812 --- [           main] o.s.b.w.embedded.tomcat.TomcatWebServer  : Tomcat started on port(s): 9999 (http) with context path '/vue'
2022-11-22 16:23:54.001  WARN 8812 --- [           main] ConfigServletWebServerApplicationContext : Exception encountered during context initialization - cancelling refresh attempt: org.springframework.context.ApplicationContextException: Failed to start bean 'documentationPluginsBootstrapper'; nested exception is java.lang.NullPointerException
2022-11-22 16:23:54.111  INFO 8812 --- [           main] ConditionEvaluationReportLoggingListener : 

Error starting ApplicationContext. To display the conditions report re-run your application with 'debug' enabled.
2022-11-22 16:23:54.129 ERROR 8812 --- [           main] o.s.boot.SpringApplication               : Application run failed

org.springframework.context.ApplicationContextException: Failed to start bean 'documentationPluginsBootstrapper'; nested exception is java.lang.NullPointerException
	at org.springframework.context.support.DefaultLifecycleProcessor.doStart(DefaultLifecycleProcessor.java:181)
	at org.springframework.context.support.DefaultLifecycleProcessor.access$200(DefaultLifecycleProcessor.java:54)
	at org.springframework.context.support.DefaultLifecycleProcessor$LifecycleGroup.start(DefaultLifecycleProcessor.java:356)
	at java.lang.Iterable.forEach(Iterable.java:75)
	at org.springframework.context.support.DefaultLifecycleProcessor.startBeans(DefaultLifecycleProcessor.java:155)
	at org.springframework.context.support.DefaultLifecycleProcessor.onRefresh(DefaultLifecycleProcessor.java:123)
	at org.springframework.context.support.AbstractApplicationContext.finishRefresh(AbstractApplicationContext.java:935)
	at org.springframework.context.support.AbstractApplicationContext.refresh(AbstractApplicationContext.java:586)
	at org.springframework.boot.web.servlet.context.ServletWebServerApplicationContext.refresh(ServletWebServerApplicationContext.java:147)
	at org.springframework.boot.SpringApplication.refresh(SpringApplication.java:734)
	at org.springframework.boot.SpringApplication.refreshContext(SpringApplication.java:408)
	at org.springframework.boot.SpringApplication.run(SpringApplication.java:308)
	at org.springframework.boot.SpringApplication.run(SpringApplication.java:1306)
	at org.springframework.boot.SpringApplication.run(SpringApplication.java:1295)
	at com.ssafy.vue.VueApiApplication.main(VueApiApplication.java:10)
Caused by: java.lang.NullPointerException: null
	at springfox.documentation.spi.service.contexts.Orderings$8.compare(Orderings.java:113)
	at springfox.documentation.spi.service.contexts.Orderings$8.compare(Orderings.java:110)
	at com.google.common.collect.ComparatorOrdering.compare(ComparatorOrdering.java:37)
	at java.util.TimSort.countRunAndMakeAscending(TimSort.java:355)
	at java.util.TimSort.sort(TimSort.java:234)
	at java.util.Arrays.sort(Arrays.java:1438)
	at com.google.common.collect.Ordering.sortedCopy(Ordering.java:855)
	at springfox.documentation.spring.web.plugins.WebMvcRequestHandlerProvider.requestHandlers(WebMvcRequestHandlerProvider.java:57)
	at springfox.documentation.spring.web.plugins.DocumentationPluginsBootstrapper$2.apply(DocumentationPluginsBootstrapper.java:133)
	at springfox.documentation.spring.web.plugins.DocumentationPluginsBootstrapper$2.apply(DocumentationPluginsBootstrapper.java:130)
	at com.google.common.collect.Iterators$7.transform(Iterators.java:750)
	at com.google.common.collect.TransformedIterator.next(TransformedIterator.java:47)
	at com.google.common.collect.TransformedIterator.next(TransformedIterator.java:47)
	at com.google.common.collect.MultitransformedIterator.hasNext(MultitransformedIterator.java:52)
	at com.google.common.collect.MultitransformedIterator.hasNext(MultitransformedIterator.java:50)
	at com.google.common.collect.ImmutableList.copyOf(ImmutableList.java:249)
	at com.google.common.collect.ImmutableList.copyOf(ImmutableList.java:209)
	at com.google.common.collect.FluentIterable.toList(FluentIterable.java:614)
	at springfox.documentation.spring.web.plugins.DocumentationPluginsBootstrapper.defaultContextBuilder(DocumentationPluginsBootstrapper.java:104)
	at springfox.documentation.spring.web.plugins.DocumentationPluginsBootstrapper.buildContext(DocumentationPluginsBootstrapper.java:91)
	at springfox.documentation.spring.web.plugins.DocumentationPluginsBootstrapper.start(DocumentationPluginsBootstrapper.java:158)
	at org.springframework.context.support.DefaultLifecycleProcessor.doStart(DefaultLifecycleProcessor.java:178)
	... 14 common frames omitted

2022-11-22 16:25:02.427  INFO 1296 --- [           main] o.s.b.w.embedded.tomcat.TomcatWebServer  : Tomcat initialized with port(s): 9999 (http)
2022-11-22 16:25:02.529  INFO 1296 --- [           main] w.s.c.ServletWebServerApplicationContext : Root WebApplicationContext: initialization completed in 1153 ms
2022-11-22 16:25:03.292  INFO 1296 --- [           main] o.s.b.w.embedded.tomcat.TomcatWebServer  : Tomcat started on port(s): 9999 (http) with context path '/vue'
2022-11-22 16:35:29.398  INFO 13984 --- [           main] o.s.b.w.embedded.tomcat.TomcatWebServer  : Tomcat initialized with port(s): 9999 (http)
2022-11-22 16:35:29.480  INFO 13984 --- [           main] w.s.c.ServletWebServerApplicationContext : Root WebApplicationContext: initialization completed in 1153 ms
2022-11-22 16:35:30.347  INFO 13984 --- [           main] o.s.b.w.embedded.tomcat.TomcatWebServer  : Tomcat started on port(s): 9999 (http) with context path '/vue'
2022-11-22 16:35:30.370  WARN 13984 --- [           main] ConfigServletWebServerApplicationContext : Exception encountered during context initialization - cancelling refresh attempt: org.springframework.context.ApplicationContextException: Failed to start bean 'documentationPluginsBootstrapper'; nested exception is java.lang.NullPointerException
2022-11-22 16:35:30.477  INFO 13984 --- [           main] ConditionEvaluationReportLoggingListener : 

Error starting ApplicationContext. To display the conditions report re-run your application with 'debug' enabled.
2022-11-22 16:35:30.495 ERROR 13984 --- [           main] o.s.boot.SpringApplication               : Application run failed

org.springframework.context.ApplicationContextException: Failed to start bean 'documentationPluginsBootstrapper'; nested exception is java.lang.NullPointerException
	at org.springframework.context.support.DefaultLifecycleProcessor.doStart(DefaultLifecycleProcessor.java:181)
	at org.springframework.context.support.DefaultLifecycleProcessor.access$200(DefaultLifecycleProcessor.java:54)
	at org.springframework.context.support.DefaultLifecycleProcessor$LifecycleGroup.start(DefaultLifecycleProcessor.java:356)
	at java.lang.Iterable.forEach(Iterable.java:75)
	at org.springframework.context.support.DefaultLifecycleProcessor.startBeans(DefaultLifecycleProcessor.java:155)
	at org.springframework.context.support.DefaultLifecycleProcessor.onRefresh(DefaultLifecycleProcessor.java:123)
	at org.springframework.context.support.AbstractApplicationContext.finishRefresh(AbstractApplicationContext.java:935)
	at org.springframework.context.support.AbstractApplicationContext.refresh(AbstractApplicationContext.java:586)
	at org.springframework.boot.web.servlet.context.ServletWebServerApplicationContext.refresh(ServletWebServerApplicationContext.java:147)
	at org.springframework.boot.SpringApplication.refresh(SpringApplication.java:734)
	at org.springframework.boot.SpringApplication.refreshContext(SpringApplication.java:408)
	at org.springframework.boot.SpringApplication.run(SpringApplication.java:308)
	at org.springframework.boot.SpringApplication.run(SpringApplication.java:1306)
	at org.springframework.boot.SpringApplication.run(SpringApplication.java:1295)
	at com.ssafy.vue.VueApiApplication.main(VueApiApplication.java:10)
Caused by: java.lang.NullPointerException: null
	at springfox.documentation.spi.service.contexts.Orderings$8.compare(Orderings.java:113)
	at springfox.documentation.spi.service.contexts.Orderings$8.compare(Orderings.java:110)
	at com.google.common.collect.ComparatorOrdering.compare(ComparatorOrdering.java:37)
	at java.util.TimSort.countRunAndMakeAscending(TimSort.java:355)
	at java.util.TimSort.sort(TimSort.java:234)
	at java.util.Arrays.sort(Arrays.java:1438)
	at com.google.common.collect.Ordering.sortedCopy(Ordering.java:855)
	at springfox.documentation.spring.web.plugins.WebMvcRequestHandlerProvider.requestHandlers(WebMvcRequestHandlerProvider.java:57)
	at springfox.documentation.spring.web.plugins.DocumentationPluginsBootstrapper$2.apply(DocumentationPluginsBootstrapper.java:133)
	at springfox.documentation.spring.web.plugins.DocumentationPluginsBootstrapper$2.apply(DocumentationPluginsBootstrapper.java:130)
	at com.google.common.collect.Iterators$7.transform(Iterators.java:750)
	at com.google.common.collect.TransformedIterator.next(TransformedIterator.java:47)
	at com.google.common.collect.TransformedIterator.next(TransformedIterator.java:47)
	at com.google.common.collect.MultitransformedIterator.hasNext(MultitransformedIterator.java:52)
	at com.google.common.collect.MultitransformedIterator.hasNext(MultitransformedIterator.java:50)
	at com.google.common.collect.ImmutableList.copyOf(ImmutableList.java:249)
	at com.google.common.collect.ImmutableList.copyOf(ImmutableList.java:209)
	at com.google.common.collect.FluentIterable.toList(FluentIterable.java:614)
	at springfox.documentation.spring.web.plugins.DocumentationPluginsBootstrapper.defaultContextBuilder(DocumentationPluginsBootstrapper.java:104)
	at springfox.documentation.spring.web.plugins.DocumentationPluginsBootstrapper.buildContext(DocumentationPluginsBootstrapper.java:91)
	at springfox.documentation.spring.web.plugins.DocumentationPluginsBootstrapper.start(DocumentationPluginsBootstrapper.java:158)
	at org.springframework.context.support.DefaultLifecycleProcessor.doStart(DefaultLifecycleProcessor.java:178)
	... 14 common frames omitted

2022-11-22 16:37:14.435  INFO 10904 --- [           main] o.s.b.w.embedded.tomcat.TomcatWebServer  : Tomcat initialized with port(s): 9999 (http)
2022-11-22 16:37:14.503  INFO 10904 --- [           main] w.s.c.ServletWebServerApplicationContext : Root WebApplicationContext: initialization completed in 1169 ms
2022-11-22 16:37:15.296  INFO 10904 --- [           main] o.s.b.w.embedded.tomcat.TomcatWebServer  : Tomcat started on port(s): 9999 (http) with context path '/vue'
2022-11-22 16:37:53.380  INFO 10904 --- [nio-9999-exec-2] o.s.web.servlet.DispatcherServlet        : Initializing Servlet 'dispatcherServlet'
2022-11-22 16:37:53.381  INFO 10904 --- [nio-9999-exec-2] o.s.web.servlet.DispatcherServlet        : Completed initialization in 1 ms
2022-11-22 16:37:53.423  INFO 10904 --- [nio-9999-exec-2] c.ssafy.vue.controller.BoardController   : listArticle - 호출 BoardParameterDto [pg=1, spp=10, start=0, key=, word=]
2022-11-22 16:37:53.722  INFO 10904 --- [nio-9999-exec-1] c.ssafy.vue.controller.BoardController   : getTotalPage - 호출 4
2022-11-22 16:42:53.505  INFO 10904 --- [nio-9999-exec-5] c.ssafy.vue.controller.BoardController   : listArticle - 호출 BoardParameterDto [pg=1, spp=10, start=0, key=, word=]
2022-11-22 16:42:53.509  INFO 10904 --- [nio-9999-exec-6] c.ssafy.vue.controller.BoardController   : getTotalPage - 호출 4
2022-11-22 16:42:57.436  INFO 10904 --- [nio-9999-exec-8] c.ssafy.vue.controller.BoardController   : listArticle - 호출 BoardParameterDto [pg=1, spp=10, start=0, key=, word=]
2022-11-22 16:42:57.438  INFO 10904 --- [nio-9999-exec-7] c.ssafy.vue.controller.BoardController   : getTotalPage - 호출 4
2022-11-22 16:44:07.791  INFO 10904 --- [nio-9999-exec-2] c.ssafy.vue.controller.BoardController   : listArticle - 호출 BoardParameterDto [pg=1, spp=10, start=0, key=, word=]
2022-11-22 16:44:07.793  INFO 10904 --- [nio-9999-exec-1] c.ssafy.vue.controller.BoardController   : getTotalPage - 호출 4
2022-11-22 16:45:15.739  INFO 10904 --- [nio-9999-exec-6] c.ssafy.vue.controller.BoardController   : listArticle - 호출 BoardParameterDto [pg=1, spp=10, start=0, key=, word=]
2022-11-22 16:45:15.742  INFO 10904 --- [nio-9999-exec-5] c.ssafy.vue.controller.BoardController   : getTotalPage - 호출 4
2022-11-22 16:45:48.263  INFO 10904 --- [nio-9999-exec-7] c.ssafy.vue.controller.BoardController   : listArticle - 호출 BoardParameterDto [pg=1, spp=10, start=0, key=, word=]
2022-11-22 16:45:48.266  INFO 10904 --- [nio-9999-exec-8] c.ssafy.vue.controller.BoardController   : getTotalPage - 호출 4
2022-11-22 16:45:52.779  INFO 10904 --- [io-9999-exec-10] c.ssafy.vue.controller.BoardController   : listArticle - 호출 BoardParameterDto [pg=1, spp=10, start=0, key=, word=]
2022-11-22 16:45:52.781  INFO 10904 --- [nio-9999-exec-9] c.ssafy.vue.controller.BoardController   : getTotalPage - 호출 4
2022-11-22 16:46:45.310  INFO 10904 --- [nio-9999-exec-1] c.ssafy.vue.controller.BoardController   : listArticle - 호출 BoardParameterDto [pg=1, spp=10, start=0, key=, word=]
2022-11-22 16:46:45.312  INFO 10904 --- [nio-9999-exec-2] c.ssafy.vue.controller.BoardController   : getTotalPage - 호출 4
2022-11-22 16:50:20.871  INFO 10904 --- [nio-9999-exec-5] c.ssafy.vue.controller.BoardController   : listArticle - 호출 BoardParameterDto [pg=1, spp=10, start=0, key=, word=]
2022-11-22 16:50:20.875  INFO 10904 --- [nio-9999-exec-6] c.ssafy.vue.controller.BoardController   : getTotalPage - 호출 4
2022-11-22 16:50:22.686  INFO 10904 --- [nio-9999-exec-8] c.ssafy.vue.controller.BoardController   : listArticle - 호출 BoardParameterDto [pg=1, spp=10, start=0, key=, word=]
2022-11-22 16:50:22.687  INFO 10904 --- [nio-9999-exec-7] c.ssafy.vue.controller.BoardController   : getTotalPage - 호출 4
2022-11-22 16:50:42.802  INFO 10904 --- [nio-9999-exec-9] c.ssafy.vue.controller.BoardController   : listArticle - 호출 BoardParameterDto [pg=1, spp=10, start=0, key=, word=]
2022-11-22 16:50:42.804  INFO 10904 --- [io-9999-exec-10] c.ssafy.vue.controller.BoardController   : getTotalPage - 호출 4
2022-11-22 16:50:54.078  INFO 10904 --- [nio-9999-exec-2] c.ssafy.vue.controller.BoardController   : listArticle - 호출 BoardParameterDto [pg=1, spp=10, start=0, key=, word=]
2022-11-22 16:50:54.079  INFO 10904 --- [nio-9999-exec-1] c.ssafy.vue.controller.BoardController   : getTotalPage - 호출 4
2022-11-22 16:50:55.478  INFO 10904 --- [nio-9999-exec-3] c.ssafy.vue.controller.BoardController   : listArticle - 호출 BoardParameterDto [pg=1, spp=10, start=0, key=, word=]
2022-11-22 16:50:55.479  INFO 10904 --- [nio-9999-exec-4] c.ssafy.vue.controller.BoardController   : getTotalPage - 호출 4
2022-11-22 16:52:11.094  INFO 10904 --- [nio-9999-exec-7] c.ssafy.vue.controller.BoardController   : listArticle - 호출 BoardParameterDto [pg=1, spp=10, start=0, key=, word=]
2022-11-22 16:52:11.104  INFO 10904 --- [nio-9999-exec-8] c.ssafy.vue.controller.BoardController   : getTotalPage - 호출 4
2022-11-22 16:54:37.703  INFO 10904 --- [nio-9999-exec-1] c.ssafy.vue.controller.BoardController   : listArticle - 호출 BoardParameterDto [pg=1, spp=10, start=0, key=, word=]
2022-11-22 16:54:37.705  INFO 10904 --- [nio-9999-exec-2] c.ssafy.vue.controller.BoardController   : getTotalPage - 호출 4
2022-11-22 16:54:38.570  INFO 10904 --- [nio-9999-exec-4] c.ssafy.vue.controller.BoardController   : listArticle - 호출 BoardParameterDto [pg=1, spp=10, start=0, key=, word=]
2022-11-22 16:54:38.572  INFO 10904 --- [nio-9999-exec-3] c.ssafy.vue.controller.BoardController   : getTotalPage - 호출 4
2022-11-22 16:54:39.261  INFO 10904 --- [nio-9999-exec-5] c.ssafy.vue.controller.BoardController   : getArticle - 호출 : 4
2022-11-22 16:55:01.956  INFO 10904 --- [nio-9999-exec-7] c.ssafy.vue.controller.BoardController   : listArticle - 호출 BoardParameterDto [pg=1, spp=10, start=0, key=, word=]
2022-11-22 16:55:01.958  INFO 10904 --- [nio-9999-exec-6] c.ssafy.vue.controller.BoardController   : getTotalPage - 호출 4
2022-11-22 16:55:04.812  INFO 10904 --- [nio-9999-exec-8] c.ssafy.vue.controller.BoardController   : getArticle - 호출 : 4
2022-11-22 16:55:06.416  INFO 10904 --- [nio-9999-exec-9] c.ssafy.vue.controller.BoardController   : listArticle - 호출 BoardParameterDto [pg=1, spp=10, start=0, key=, word=]
2022-11-22 16:55:06.418  INFO 10904 --- [io-9999-exec-10] c.ssafy.vue.controller.BoardController   : getTotalPage - 호출 4
2022-11-22 16:55:45.090  INFO 10904 --- [nio-9999-exec-1] c.ssafy.vue.controller.BoardController   : getTotalPage - 호출 4
2022-11-22 16:55:45.094  INFO 10904 --- [nio-9999-exec-1] c.ssafy.vue.controller.BoardController   : listArticle - 호출 BoardParameterDto [pg=1, spp=10, start=0, key=, word=]
2022-11-22 16:55:47.980  INFO 10904 --- [nio-9999-exec-3] c.ssafy.vue.controller.BoardController   : listArticle - 호출 BoardParameterDto [pg=1, spp=10, start=0, key=, word=]
2022-11-22 16:55:47.982  INFO 10904 --- [nio-9999-exec-4] c.ssafy.vue.controller.BoardController   : getTotalPage - 호출 4
2022-11-22 16:55:51.040  INFO 10904 --- [nio-9999-exec-7] c.ssafy.vue.controller.BoardController   : listArticle - 호출 BoardParameterDto [pg=1, spp=10, start=0, key=, word=]
2022-11-22 16:55:51.042  INFO 10904 --- [nio-9999-exec-5] c.ssafy.vue.controller.BoardController   : getTotalPage - 호출 4
2022-11-22 16:55:56.668  INFO 10904 --- [nio-9999-exec-6] c.ssafy.vue.controller.BoardController   : getArticle - 호출 : 4
2022-11-22 16:56:00.964  INFO 10904 --- [nio-9999-exec-9] c.ssafy.vue.controller.BoardController   : listArticle - 호출 BoardParameterDto [pg=1, spp=10, start=0, key=, word=]
2022-11-22 16:56:00.966  INFO 10904 --- [nio-9999-exec-8] c.ssafy.vue.controller.BoardController   : getTotalPage - 호출 4
2022-11-22 16:58:32.015  INFO 10904 --- [nio-9999-exec-3] c.ssafy.vue.controller.BoardController   : listArticle - 호출 BoardParameterDto [pg=1, spp=10, start=0, key=, word=]
2022-11-22 16:58:32.016  INFO 10904 --- [nio-9999-exec-1] c.ssafy.vue.controller.BoardController   : getTotalPage - 호출 4
2022-11-22 16:58:38.966  INFO 10904 --- [nio-9999-exec-7] c.ssafy.vue.controller.BoardController   : listArticle - 호출 BoardParameterDto [pg=1, spp=10, start=0, key=, word=]
2022-11-22 16:58:38.971  INFO 10904 --- [nio-9999-exec-4] c.ssafy.vue.controller.BoardController   : getTotalPage - 호출 4
2022-11-22 16:58:40.112  INFO 10904 --- [nio-9999-exec-6] c.ssafy.vue.controller.BoardController   : listArticle - 호출 BoardParameterDto [pg=1, spp=10, start=0, key=, word=]
2022-11-22 16:58:40.113  INFO 10904 --- [nio-9999-exec-5] c.ssafy.vue.controller.BoardController   : getTotalPage - 호출 4
2022-11-22 16:58:41.324  INFO 10904 --- [nio-9999-exec-9] c.ssafy.vue.controller.BoardController   : getArticle - 호출 : 4
2022-11-22 16:58:46.659  INFO 10904 --- [nio-9999-exec-8] c.ssafy.vue.controller.BoardController   : getArticle - 호출 : 4
2022-11-22 16:59:04.116  INFO 10904 --- [nio-9999-exec-2] c.ssafy.vue.controller.BoardController   : listArticle - 호출 BoardParameterDto [pg=1, spp=10, start=0, key=, word=]
2022-11-22 16:59:04.120  INFO 10904 --- [io-9999-exec-10] c.ssafy.vue.controller.BoardController   : getTotalPage - 호출 4
2022-11-22 16:59:11.917  INFO 10904 --- [nio-9999-exec-1] c.ssafy.vue.controller.BoardController   : listArticle - 호출 BoardParameterDto [pg=1, spp=10, start=0, key=, word=]
2022-11-22 16:59:11.919  INFO 10904 --- [nio-9999-exec-3] c.ssafy.vue.controller.BoardController   : getTotalPage - 호출 4
2022-11-22 16:59:30.677  INFO 10904 --- [nio-9999-exec-4] c.ssafy.vue.controller.BoardController   : listArticle - 호출 BoardParameterDto [pg=1, spp=10, start=0, key=, word=]
2022-11-22 16:59:30.678  INFO 10904 --- [nio-9999-exec-7] c.ssafy.vue.controller.BoardController   : getTotalPage - 호출 4
2022-11-22 16:59:33.296  INFO 10904 --- [nio-9999-exec-5] c.ssafy.vue.controller.BoardController   : listArticle - 호출 BoardParameterDto [pg=1, spp=10, start=0, key=, word=]
2022-11-22 16:59:33.296  INFO 10904 --- [nio-9999-exec-6] c.ssafy.vue.controller.BoardController   : getTotalPage - 호출 4
2022-11-22 17:00:39.690  INFO 10904 --- [io-9999-exec-10] c.ssafy.vue.controller.BoardController   : listArticle - 호출 BoardParameterDto [pg=1, spp=10, start=0, key=, word=]
2022-11-22 17:00:39.696  INFO 10904 --- [nio-9999-exec-2] c.ssafy.vue.controller.BoardController   : getTotalPage - 호출 4
2022-11-22 17:00:50.439  INFO 10904 --- [nio-9999-exec-3] c.ssafy.vue.controller.BoardController   : listArticle - 호출 BoardParameterDto [pg=1, spp=10, start=0, key=, word=]
2022-11-22 17:00:50.441  INFO 10904 --- [nio-9999-exec-1] c.ssafy.vue.controller.BoardController   : getTotalPage - 호출 4
2022-11-22 17:01:13.417  INFO 10904 --- [nio-9999-exec-7] c.ssafy.vue.controller.BoardController   : listArticle - 호출 BoardParameterDto [pg=1, spp=10, start=0, key=, word=]
2022-11-22 17:01:13.419  INFO 10904 --- [nio-9999-exec-4] c.ssafy.vue.controller.BoardController   : getTotalPage - 호출 4
2022-11-22 17:01:24.795  INFO 10904 --- [nio-9999-exec-6] c.ssafy.vue.controller.BoardController   : listArticle - 호출 BoardParameterDto [pg=1, spp=10, start=0, key=, word=]
2022-11-22 17:01:24.799  INFO 10904 --- [nio-9999-exec-5] c.ssafy.vue.controller.BoardController   : getTotalPage - 호출 4
2022-11-22 17:01:26.191  INFO 10904 --- [nio-9999-exec-8] c.ssafy.vue.controller.BoardController   : listArticle - 호출 BoardParameterDto [pg=1, spp=10, start=0, key=, word=]
2022-11-22 17:01:26.193  INFO 10904 --- [nio-9999-exec-9] c.ssafy.vue.controller.BoardController   : getTotalPage - 호출 4
2022-11-22 17:01:36.710  INFO 10904 --- [nio-9999-exec-2] c.ssafy.vue.controller.BoardController   : listArticle - 호출 BoardParameterDto [pg=1, spp=10, start=0, key=, word=]
2022-11-22 17:01:36.712  INFO 10904 --- [io-9999-exec-10] c.ssafy.vue.controller.BoardController   : getTotalPage - 호출 4
2022-11-22 17:01:37.612  INFO 10904 --- [nio-9999-exec-1] c.ssafy.vue.controller.BoardController   : listArticle - 호출 BoardParameterDto [pg=1, spp=10, start=0, key=, word=]
2022-11-22 17:01:37.626  INFO 10904 --- [nio-9999-exec-3] c.ssafy.vue.controller.BoardController   : getTotalPage - 호출 4
2022-11-22 17:01:38.108  INFO 10904 --- [nio-9999-exec-7] c.ssafy.vue.controller.BoardController   : getArticle - 호출 : 4
2022-11-22 17:01:39.444  INFO 10904 --- [nio-9999-exec-4] c.ssafy.vue.controller.BoardController   : getArticle - 호출 : 4
2022-11-22 17:01:41.993  INFO 10904 --- [nio-9999-exec-5] c.ssafy.vue.controller.BoardController   : listArticle - 호출 BoardParameterDto [pg=1, spp=10, start=0, key=, word=]
2022-11-22 17:01:41.994  INFO 10904 --- [nio-9999-exec-6] c.ssafy.vue.controller.BoardController   : getTotalPage - 호출 4
2022-11-22 17:01:54.148  INFO 10904 --- [nio-9999-exec-8] c.ssafy.vue.controller.BoardController   : getArticle - 호출 : 4
2022-11-22 17:01:57.226  INFO 10904 --- [nio-9999-exec-2] c.ssafy.vue.controller.BoardController   : listArticle - 호출 BoardParameterDto [pg=1, spp=10, start=0, key=, word=]
2022-11-22 17:01:57.228  INFO 10904 --- [nio-9999-exec-9] c.ssafy.vue.controller.BoardController   : getTotalPage - 호출 4
2022-11-22 17:02:29.120  INFO 10904 --- [nio-9999-exec-1] c.ssafy.vue.controller.BoardController   : listArticle - 호출 BoardParameterDto [pg=1, spp=10, start=0, key=, word=]
2022-11-22 17:02:29.124  INFO 10904 --- [io-9999-exec-10] c.ssafy.vue.controller.BoardController   : getTotalPage - 호출 4
2022-11-22 17:02:30.917  INFO 10904 --- [nio-9999-exec-7] c.ssafy.vue.controller.BoardController   : listArticle - 호출 BoardParameterDto [pg=1, spp=10, start=0, key=, word=]
2022-11-22 17:02:30.918  INFO 10904 --- [nio-9999-exec-3] c.ssafy.vue.controller.BoardController   : getTotalPage - 호출 4
2022-11-22 17:02:31.530  INFO 10904 --- [nio-9999-exec-4] c.ssafy.vue.controller.BoardController   : getArticle - 호출 : 4
2022-11-22 17:02:32.700  INFO 10904 --- [nio-9999-exec-5] c.ssafy.vue.controller.BoardController   : getArticle - 호출 : 3
2022-11-22 17:02:34.477  INFO 10904 --- [nio-9999-exec-8] c.ssafy.vue.controller.BoardController   : listArticle - 호출 BoardParameterDto [pg=1, spp=10, start=0, key=, word=]
2022-11-22 17:02:34.478  INFO 10904 --- [nio-9999-exec-6] c.ssafy.vue.controller.BoardController   : getTotalPage - 호출 4
2022-11-22 17:02:46.096  INFO 10904 --- [nio-9999-exec-9] c.ssafy.vue.controller.BoardController   : listArticle - 호출 BoardParameterDto [pg=1, spp=10, start=0, key=, word=]
2022-11-22 17:02:46.098  INFO 10904 --- [nio-9999-exec-2] c.ssafy.vue.controller.BoardController   : getTotalPage - 호출 4
2022-11-22 17:03:15.726  INFO 10904 --- [io-9999-exec-10] c.ssafy.vue.controller.BoardController   : listArticle - 호출 BoardParameterDto [pg=1, spp=10, start=0, key=, word=]
2022-11-22 17:03:15.727  INFO 10904 --- [nio-9999-exec-1] c.ssafy.vue.controller.BoardController   : getTotalPage - 호출 4
2022-11-22 17:05:39.824  INFO 10904 --- [nio-9999-exec-5] c.ssafy.vue.controller.BoardController   : listArticle - 호출 BoardParameterDto [pg=1, spp=10, start=0, key=, word=]
2022-11-22 17:05:39.825  INFO 10904 --- [nio-9999-exec-4] c.ssafy.vue.controller.BoardController   : getTotalPage - 호출 4
2022-11-22 17:05:41.806  INFO 10904 --- [nio-9999-exec-6] c.ssafy.vue.controller.BoardController   : listArticle - 호출 BoardParameterDto [pg=1, spp=10, start=0, key=, word=]
2022-11-22 17:05:41.806  INFO 10904 --- [nio-9999-exec-8] c.ssafy.vue.controller.BoardController   : getTotalPage - 호출 4
2022-11-22 17:05:43.941  INFO 10904 --- [nio-9999-exec-2] c.ssafy.vue.controller.BoardController   : listArticle - 호출 BoardParameterDto [pg=1, spp=10, start=0, key=, word=]
2022-11-22 17:05:43.943  INFO 10904 --- [nio-9999-exec-9] c.ssafy.vue.controller.BoardController   : getTotalPage - 호출 4
2022-11-22 17:05:52.372  INFO 10904 --- [nio-9999-exec-1] c.ssafy.vue.controller.BoardController   : listArticle - 호출 BoardParameterDto [pg=1, spp=10, start=0, key=, word=]
2022-11-22 17:05:52.373  INFO 10904 --- [io-9999-exec-10] c.ssafy.vue.controller.BoardController   : getTotalPage - 호출 4
2022-11-22 17:05:56.388  INFO 10904 --- [nio-9999-exec-3] c.ssafy.vue.controller.BoardController   : listArticle - 호출 BoardParameterDto [pg=1, spp=10, start=0, key=, word=]
2022-11-22 17:05:56.390  INFO 10904 --- [nio-9999-exec-7] c.ssafy.vue.controller.BoardController   : getTotalPage - 호출 4
2022-11-22 17:06:01.205  INFO 10904 --- [nio-9999-exec-4] c.ssafy.vue.controller.BoardController   : listArticle - 호출 BoardParameterDto [pg=1, spp=10, start=0, key=, word=]
2022-11-22 17:06:01.206  INFO 10904 --- [nio-9999-exec-5] c.ssafy.vue.controller.BoardController   : getTotalPage - 호출 4
2022-11-22 17:06:20.767  INFO 10904 --- [nio-9999-exec-8] c.ssafy.vue.controller.BoardController   : listArticle - 호출 BoardParameterDto [pg=1, spp=10, start=0, key=, word=]
2022-11-22 17:06:20.769  INFO 10904 --- [nio-9999-exec-6] c.ssafy.vue.controller.BoardController   : getTotalPage - 호출 4
2022-11-22 17:06:21.924  INFO 10904 --- [nio-9999-exec-9] c.ssafy.vue.controller.BoardController   : listArticle - 호출 BoardParameterDto [pg=1, spp=10, start=0, key=, word=]
2022-11-22 17:06:21.926  INFO 10904 --- [nio-9999-exec-2] c.ssafy.vue.controller.BoardController   : getTotalPage - 호출 4
2022-11-22 17:06:30.085  INFO 10904 --- [io-9999-exec-10] c.ssafy.vue.controller.BoardController   : listArticle - 호출 BoardParameterDto [pg=1, spp=10, start=0, key=, word=]
2022-11-22 17:06:30.087  INFO 10904 --- [nio-9999-exec-1] c.ssafy.vue.controller.BoardController   : getTotalPage - 호출 4
2022-11-22 17:06:39.217  INFO 10904 --- [nio-9999-exec-7] c.ssafy.vue.controller.BoardController   : listArticle - 호출 BoardParameterDto [pg=1, spp=10, start=0, key=, word=]
2022-11-22 17:06:39.221  INFO 10904 --- [nio-9999-exec-3] c.ssafy.vue.controller.BoardController   : getTotalPage - 호출 4
2022-11-22 17:06:40.178  INFO 10904 --- [nio-9999-exec-5] c.ssafy.vue.controller.BoardController   : listArticle - 호출 BoardParameterDto [pg=1, spp=10, start=0, key=, word=]
2022-11-22 17:06:40.179  INFO 10904 --- [nio-9999-exec-4] c.ssafy.vue.controller.BoardController   : getTotalPage - 호출 4
2022-11-22 17:07:02.204  INFO 10904 --- [nio-9999-exec-6] c.ssafy.vue.controller.BoardController   : listArticle - 호출 BoardParameterDto [pg=1, spp=10, start=0, key=, word=]
2022-11-22 17:07:02.225  INFO 10904 --- [nio-9999-exec-8] c.ssafy.vue.controller.BoardController   : getTotalPage - 호출 4
2022-11-22 17:07:02.294  INFO 10904 --- [nio-9999-exec-2] c.ssafy.vue.controller.BoardController   : listArticle - 호출 BoardParameterDto [pg=1, spp=10, start=0, key=, word=]
2022-11-22 17:07:02.295  INFO 10904 --- [nio-9999-exec-9] c.ssafy.vue.controller.BoardController   : getTotalPage - 호출 4
2022-11-22 17:07:09.335  INFO 10904 --- [nio-9999-exec-1] c.ssafy.vue.controller.BoardController   : listArticle - 호출 BoardParameterDto [pg=1, spp=10, start=0, key=, word=]
2022-11-22 17:07:09.337  INFO 10904 --- [io-9999-exec-10] c.ssafy.vue.controller.BoardController   : getTotalPage - 호출 4
2022-11-22 17:07:20.417  INFO 10904 --- [nio-9999-exec-3] c.ssafy.vue.controller.BoardController   : listArticle - 호출 BoardParameterDto [pg=1, spp=10, start=0, key=, word=]
2022-11-22 17:07:20.417  INFO 10904 --- [nio-9999-exec-7] c.ssafy.vue.controller.BoardController   : getTotalPage - 호출 4
2022-11-22 17:07:21.925  INFO 10904 --- [nio-9999-exec-4] c.ssafy.vue.controller.BoardController   : listArticle - 호출 BoardParameterDto [pg=1, spp=10, start=0, key=, word=]
2022-11-22 17:07:21.927  INFO 10904 --- [nio-9999-exec-5] c.ssafy.vue.controller.BoardController   : getTotalPage - 호출 4
2022-11-22 17:07:26.878  INFO 10904 --- [nio-9999-exec-8] c.ssafy.vue.controller.BoardController   : listArticle - 호출 BoardParameterDto [pg=1, spp=10, start=0, key=, word=]
2022-11-22 17:07:26.879  INFO 10904 --- [nio-9999-exec-6] c.ssafy.vue.controller.BoardController   : getTotalPage - 호출 4
2022-11-22 17:07:41.123  INFO 10904 --- [nio-9999-exec-9] c.ssafy.vue.controller.BoardController   : listArticle - 호출 BoardParameterDto [pg=1, spp=10, start=0, key=, word=]
2022-11-22 17:07:41.128  INFO 10904 --- [nio-9999-exec-2] c.ssafy.vue.controller.BoardController   : getTotalPage - 호출 4
2022-11-22 17:11:05.481  INFO 10904 --- [nio-9999-exec-7] c.ssafy.vue.controller.BoardController   : listArticle - 호출 BoardParameterDto [pg=1, spp=10, start=0, key=, word=]
2022-11-22 17:11:05.489  INFO 10904 --- [nio-9999-exec-3] c.ssafy.vue.controller.BoardController   : getTotalPage - 호출 4
2022-11-22 17:13:06.266  INFO 10904 --- [nio-9999-exec-6] com.ssafy.vue.controller.QnaController   : listArticle - 호출
2022-11-22 17:13:06.273  INFO 10904 --- [nio-9999-exec-8] com.ssafy.vue.controller.QnaController   : getTotalPage - 호출 0
2022-11-22 17:14:06.393  INFO 10904 --- [io-9999-exec-10] com.ssafy.vue.controller.QnaController   : listArticle - 호출
2022-11-22 17:14:06.395  INFO 10904 --- [nio-9999-exec-2] com.ssafy.vue.controller.QnaController   : getTotalPage - 호출 0
2022-11-22 17:14:06.663  INFO 10904 --- [nio-9999-exec-7] c.ssafy.vue.controller.BoardController   : listArticle - 호출 BoardParameterDto [pg=1, spp=10, start=0, key=, word=]
2022-11-22 17:14:06.665  INFO 10904 --- [nio-9999-exec-1] c.ssafy.vue.controller.BoardController   : getTotalPage - 호출 4
2022-11-22 17:14:08.401  INFO 10904 --- [nio-9999-exec-5] c.ssafy.vue.controller.BoardController   : listArticle - 호출 BoardParameterDto [pg=1, spp=10, start=0, key=, word=]
2022-11-22 17:14:08.402  INFO 10904 --- [nio-9999-exec-3] c.ssafy.vue.controller.BoardController   : getTotalPage - 호출 4
2022-11-22 17:14:09.572  INFO 10904 --- [nio-9999-exec-4] c.ssafy.vue.controller.BoardController   : getArticle - 호출 : 4
2022-11-22 17:14:11.692  INFO 10904 --- [nio-9999-exec-8] c.ssafy.vue.controller.BoardController   : listArticle - 호출 BoardParameterDto [pg=1, spp=10, start=0, key=, word=]
2022-11-22 17:14:11.693  INFO 10904 --- [nio-9999-exec-6] c.ssafy.vue.controller.BoardController   : getTotalPage - 호출 4
2022-11-22 17:14:12.772  INFO 10904 --- [nio-9999-exec-9] c.ssafy.vue.controller.BoardController   : getArticle - 호출 : 4
2022-11-22 17:14:14.931  INFO 10904 --- [nio-9999-exec-2] c.ssafy.vue.controller.BoardController   : getArticle - 호출 : 1
2022-11-22 17:14:18.100  INFO 10904 --- [nio-9999-exec-7] c.ssafy.vue.controller.BoardController   : listArticle - 호출 BoardParameterDto [pg=1, spp=10, start=0, key=, word=]
2022-11-22 17:14:18.102  INFO 10904 --- [io-9999-exec-10] c.ssafy.vue.controller.BoardController   : getTotalPage - 호출 4
2022-11-22 17:14:23.404  INFO 10904 --- [nio-9999-exec-5] com.ssafy.vue.controller.QnaController   : listArticle - 호출
2022-11-22 17:14:23.405  INFO 10904 --- [nio-9999-exec-1] com.ssafy.vue.controller.QnaController   : getTotalPage - 호출 0
2022-11-22 17:16:02.310  INFO 10904 --- [nio-9999-exec-6] c.ssafy.vue.controller.BoardController   : listArticle - 호출 BoardParameterDto [pg=1, spp=10, start=0, key=, word=]
2022-11-22 17:16:02.312  INFO 10904 --- [nio-9999-exec-8] c.ssafy.vue.controller.BoardController   : getTotalPage - 호출 4
2022-11-22 17:16:02.631  INFO 10904 --- [nio-9999-exec-2] com.ssafy.vue.controller.QnaController   : listArticle - 호출
2022-11-22 17:16:02.632  INFO 10904 --- [nio-9999-exec-9] com.ssafy.vue.controller.QnaController   : getTotalPage - 호출 0
2022-11-22 17:16:07.882  INFO 10904 --- [io-9999-exec-10] com.ssafy.vue.controller.QnaController   : writeArticle - 호출
2022-11-22 17:16:09.148  INFO 10904 --- [nio-9999-exec-5] com.ssafy.vue.controller.QnaController   : listArticle - 호출
2022-11-22 17:16:09.150  INFO 10904 --- [nio-9999-exec-1] com.ssafy.vue.controller.QnaController   : getTotalPage - 호출 1
2022-11-22 17:16:29.611  INFO 10904 --- [nio-9999-exec-4] com.ssafy.vue.controller.QnaController   : listArticle - 호출
2022-11-22 17:16:29.617  INFO 10904 --- [nio-9999-exec-3] com.ssafy.vue.controller.QnaController   : getTotalPage - 호출 1
2022-11-22 17:16:55.622  INFO 10904 --- [nio-9999-exec-8] com.ssafy.vue.controller.QnaController   : listArticle - 호출
2022-11-22 17:16:55.624  INFO 10904 --- [nio-9999-exec-6] com.ssafy.vue.controller.QnaController   : getTotalPage - 호출 1
2022-11-22 17:17:17.850  INFO 10904 --- [nio-9999-exec-2] com.ssafy.vue.controller.QnaController   : listArticle - 호출
2022-11-22 17:17:17.852  INFO 10904 --- [nio-9999-exec-9] com.ssafy.vue.controller.QnaController   : getTotalPage - 호출 1
2022-11-22 17:17:38.534  INFO 10904 --- [io-9999-exec-10] com.ssafy.vue.controller.QnaController   : listArticle - 호출
2022-11-22 17:17:38.539  INFO 10904 --- [nio-9999-exec-7] com.ssafy.vue.controller.QnaController   : getTotalPage - 호출 1
2022-11-22 17:17:40.725  INFO 10904 --- [nio-9999-exec-1] com.ssafy.vue.controller.QnaController   : listArticle - 호출
2022-11-22 17:17:40.727  INFO 10904 --- [nio-9999-exec-5] com.ssafy.vue.controller.QnaController   : getTotalPage - 호출 1
2022-11-22 17:17:41.918  INFO 10904 --- [nio-9999-exec-3] com.ssafy.vue.controller.QnaController   : listArticle - 호출
2022-11-22 17:17:41.919  INFO 10904 --- [nio-9999-exec-4] com.ssafy.vue.controller.QnaController   : getTotalPage - 호출 1
2022-11-22 17:17:42.812  INFO 10904 --- [nio-9999-exec-8] com.ssafy.vue.controller.QnaController   : getArticle - 호출 : 1
2022-11-22 17:17:49.651  INFO 10904 --- [nio-9999-exec-6] com.ssafy.vue.controller.QnaController   : writeArticle - 호출
2022-11-22 17:17:50.916  INFO 10904 --- [nio-9999-exec-9] com.ssafy.vue.controller.QnaController   : listArticle - 호출
2022-11-22 17:17:50.918  INFO 10904 --- [nio-9999-exec-2] com.ssafy.vue.controller.QnaController   : getTotalPage - 호출 2
2022-11-22 17:17:52.477  INFO 10904 --- [nio-9999-exec-7] com.ssafy.vue.controller.QnaController   : listArticle - 호출
2022-11-22 17:17:52.480  INFO 10904 --- [io-9999-exec-10] com.ssafy.vue.controller.QnaController   : getTotalPage - 호출 2
2022-11-22 17:17:53.274  INFO 10904 --- [nio-9999-exec-5] com.ssafy.vue.controller.QnaController   : listArticle - 호출
2022-11-22 17:17:53.277  INFO 10904 --- [nio-9999-exec-1] com.ssafy.vue.controller.QnaController   : getTotalPage - 호출 2
2022-11-22 17:17:54.548  INFO 10904 --- [nio-9999-exec-3] com.ssafy.vue.controller.QnaController   : getArticle - 호출 : 1
2022-11-22 17:17:56.489  INFO 10904 --- [nio-9999-exec-8] com.ssafy.vue.controller.QnaController   : listArticle - 호출
2022-11-22 17:17:56.490  INFO 10904 --- [nio-9999-exec-4] com.ssafy.vue.controller.QnaController   : getTotalPage - 호출 2
2022-11-22 17:37:18.629  INFO 10904 --- [nio-9999-exec-2] com.ssafy.vue.controller.QnaController   : getArticle - 호출 : 2
2022-11-22 17:37:20.550  INFO 10904 --- [io-9999-exec-10] com.ssafy.vue.controller.QnaController   : listArticle - 호출
2022-11-22 17:37:20.553  INFO 10904 --- [nio-9999-exec-7] com.ssafy.vue.controller.QnaController   : getTotalPage - 호출 2
2022-11-22 17:38:01.818  INFO 10904 --- [nio-9999-exec-1] com.ssafy.vue.controller.QnaController   : listArticle - 호출
2022-11-22 17:38:01.824  INFO 10904 --- [nio-9999-exec-5] com.ssafy.vue.controller.QnaController   : getTotalPage - 호출 2
2022-11-22 17:38:02.837  INFO 10904 --- [nio-9999-exec-8] com.ssafy.vue.controller.QnaController   : listArticle - 호출
2022-11-22 17:38:02.840  INFO 10904 --- [nio-9999-exec-3] com.ssafy.vue.controller.QnaController   : getTotalPage - 호출 2
2022-11-22 17:38:09.228  INFO 10904 --- [nio-9999-exec-4] com.ssafy.vue.controller.QnaController   : getArticle - 호출 : 2
2022-11-22 17:38:12.660  INFO 10904 --- [nio-9999-exec-6] com.ssafy.vue.controller.QnaController   : getArticle - 호출 : 2
2022-11-22 17:38:20.053  INFO 10904 --- [nio-9999-exec-2] com.ssafy.vue.controller.QnaController   : listArticle - 호출
2022-11-22 17:38:20.055  INFO 10904 --- [nio-9999-exec-9] com.ssafy.vue.controller.QnaController   : getTotalPage - 호출 2
2022-11-22 17:38:21.481  INFO 10904 --- [nio-9999-exec-7] com.ssafy.vue.controller.QnaController   : listArticle - 호출
2022-11-22 17:38:21.484  INFO 10904 --- [io-9999-exec-10] com.ssafy.vue.controller.QnaController   : getTotalPage - 호출 2
2022-11-22 17:38:22.067  INFO 10904 --- [nio-9999-exec-1] com.ssafy.vue.controller.QnaController   : getArticle - 호출 : 2
2022-11-22 17:38:22.914  INFO 10904 --- [nio-9999-exec-5] com.ssafy.vue.controller.QnaController   : getArticle - 호출 : 2
2022-11-22 17:38:27.354  INFO 10904 --- [nio-9999-exec-3] com.ssafy.vue.controller.QnaController   : listArticle - 호출
2022-11-22 17:38:27.358  INFO 10904 --- [nio-9999-exec-8] com.ssafy.vue.controller.QnaController   : getTotalPage - 호출 2
2022-11-22 17:38:46.628  INFO 10904 --- [nio-9999-exec-6] com.ssafy.vue.controller.QnaController   : listArticle - 호출
2022-11-22 17:38:46.629  INFO 10904 --- [nio-9999-exec-4] com.ssafy.vue.controller.QnaController   : getTotalPage - 호출 2
2022-11-22 17:38:47.520  INFO 10904 --- [nio-9999-exec-9] c.ssafy.vue.controller.BoardController   : listArticle - 호출 BoardParameterDto [pg=1, spp=10, start=0, key=, word=]
2022-11-22 17:38:47.523  INFO 10904 --- [nio-9999-exec-2] c.ssafy.vue.controller.BoardController   : getTotalPage - 호출 4
2022-11-22 17:38:49.500  INFO 10904 --- [io-9999-exec-10] c.ssafy.vue.controller.BoardController   : listArticle - 호출 BoardParameterDto [pg=1, spp=10, start=0, key=, word=]
2022-11-22 17:38:49.501  INFO 10904 --- [nio-9999-exec-7] c.ssafy.vue.controller.BoardController   : getTotalPage - 호출 4
2022-11-22 17:38:49.970  INFO 10904 --- [nio-9999-exec-1] c.ssafy.vue.controller.BoardController   : getArticle - 호출 : 4
2022-11-22 17:38:50.738  INFO 10904 --- [nio-9999-exec-5] c.ssafy.vue.controller.BoardController   : getArticle - 호출 : 3
2022-11-22 17:38:51.731  INFO 10904 --- [nio-9999-exec-3] c.ssafy.vue.controller.BoardController   : getArticle - 호출 : 2
2022-11-22 17:38:53.940  INFO 10904 --- [nio-9999-exec-6] c.ssafy.vue.controller.BoardController   : listArticle - 호출 BoardParameterDto [pg=1, spp=10, start=0, key=, word=]
2022-11-22 17:38:53.941  INFO 10904 --- [nio-9999-exec-8] c.ssafy.vue.controller.BoardController   : getTotalPage - 호출 4
2022-11-22 17:38:55.689  INFO 10904 --- [nio-9999-exec-9] com.ssafy.vue.controller.QnaController   : listArticle - 호출
2022-11-22 17:38:55.691  INFO 10904 --- [nio-9999-exec-4] com.ssafy.vue.controller.QnaController   : getTotalPage - 호출 2
2022-11-22 17:38:57.179  INFO 10904 --- [nio-9999-exec-2] com.ssafy.vue.controller.QnaController   : getArticle - 호출 : 1
2022-11-22 17:40:09.330  INFO 10904 --- [nio-9999-exec-1] com.ssafy.vue.controller.QnaController   : getArticle - 호출 : 2
2022-11-22 17:40:15.690  INFO 10904 --- [nio-9999-exec-3] com.ssafy.vue.controller.QnaController   : listArticle - 호출
2022-11-22 17:40:15.691  INFO 10904 --- [nio-9999-exec-5] com.ssafy.vue.controller.QnaController   : getTotalPage - 호출 2
2022-11-22 17:40:16.844  INFO 10904 --- [nio-9999-exec-6] com.ssafy.vue.controller.QnaController   : getArticle - 호출 : 2
2022-11-22 17:40:31.125  INFO 10904 --- [nio-9999-exec-9] com.ssafy.vue.controller.QnaController   : listArticle - 호출
2022-11-22 17:40:31.127  INFO 10904 --- [nio-9999-exec-8] com.ssafy.vue.controller.QnaController   : getTotalPage - 호출 2
2022-11-22 17:40:32.323  INFO 10904 --- [nio-9999-exec-2] com.ssafy.vue.controller.QnaController   : listArticle - 호출
2022-11-22 17:40:32.324  INFO 10904 --- [nio-9999-exec-4] com.ssafy.vue.controller.QnaController   : getTotalPage - 호출 2
2022-11-22 17:40:33.122  INFO 10904 --- [io-9999-exec-10] com.ssafy.vue.controller.QnaController   : getArticle - 호출 : 2
2022-11-22 17:40:42.796  INFO 10904 --- [nio-9999-exec-7] com.ssafy.vue.controller.QnaController   : writeArticle - 호출
2022-11-22 17:40:44.609  INFO 10904 --- [nio-9999-exec-3] com.ssafy.vue.controller.QnaController   : listArticle - 호출
2022-11-22 17:40:44.610  INFO 10904 --- [nio-9999-exec-1] com.ssafy.vue.controller.QnaController   : getTotalPage - 호출 3
2022-11-22 17:40:47.122  INFO 10904 --- [nio-9999-exec-5] com.ssafy.vue.controller.QnaController   : getArticle - 호출 : 3
2022-11-22 17:40:47.826  INFO 10904 --- [nio-9999-exec-6] com.ssafy.vue.controller.QnaController   : getArticle - 호출 : 3
2022-11-22 17:40:50.272  INFO 10904 --- [nio-9999-exec-8] com.ssafy.vue.controller.QnaController   : listArticle - 호출
2022-11-22 17:40:50.274  INFO 10904 --- [nio-9999-exec-9] com.ssafy.vue.controller.QnaController   : getTotalPage - 호출 3
2022-11-22 17:41:06.434  INFO 10904 --- [nio-9999-exec-2] com.ssafy.vue.controller.QnaController   : getArticle - 호출 : 2
2022-11-22 17:41:27.163  INFO 10904 --- [io-9999-exec-10] com.ssafy.vue.controller.QnaController   : listArticle - 호출
2022-11-22 17:41:27.165  INFO 10904 --- [nio-9999-exec-4] com.ssafy.vue.controller.QnaController   : getTotalPage - 호출 3
2022-11-22 17:46:45.307  INFO 10904 --- [nio-9999-exec-5] com.ssafy.vue.controller.QnaController   : listArticle - 호출
2022-11-22 17:46:45.309  INFO 10904 --- [nio-9999-exec-1] com.ssafy.vue.controller.QnaController   : getTotalPage - 호출 3
