2022-11-24 23:13:57.461  INFO 5912 --- [           main] o.s.b.w.embedded.tomcat.TomcatWebServer  : Tomcat initialized with port(s): 9999 (http)
2022-11-24 23:13:57.522  INFO 5912 --- [           main] w.s.c.ServletWebServerApplicationContext : Root WebApplicationContext: initialization completed in 1030 ms
2022-11-24 23:13:58.195  INFO 5912 --- [           main] o.s.b.w.embedded.tomcat.TomcatWebServer  : Tomcat started on port(s): 9999 (http) with context path '/vue'
2022-11-24 23:14:56.203  INFO 5912 --- [nio-9999-exec-1] o.s.web.servlet.DispatcherServlet        : Initializing Servlet 'dispatcherServlet'
2022-11-24 23:14:56.204  INFO 5912 --- [nio-9999-exec-1] o.s.web.servlet.DispatcherServlet        : Completed initialization in 1 ms
2022-11-24 23:14:56.238  INFO 5912 --- [nio-9999-exec-2] c.ssafy.vue.controller.BoardController   : listArticle - 호출 BoardParameterDto [pg=1, spp=10, start=0, key=, word=]
2022-11-24 23:14:56.595  INFO 5912 --- [nio-9999-exec-1] c.ssafy.vue.controller.BoardController   : getTotalPage - 호출 5
2022-11-24 23:26:41.054  INFO 5912 --- [nio-9999-exec-8] c.ssafy.vue.controller.BoardController   : listArticle - 호출 BoardParameterDto [pg=1, spp=10, start=0, key=, word=]
2022-11-24 23:26:41.055  INFO 5912 --- [nio-9999-exec-7] c.ssafy.vue.controller.BoardController   : getTotalPage - 호출 5
2022-11-24 23:26:41.880  INFO 5912 --- [io-9999-exec-10] com.ssafy.vue.controller.QnaController   : listArticle - 호출
2022-11-24 23:26:41.888  INFO 5912 --- [nio-9999-exec-9] com.ssafy.vue.controller.QnaController   : getTotalPage - 호출 2
2022-11-24 23:26:46.677  INFO 5912 --- [nio-9999-exec-3] c.ssafy.vue.controller.BoardController   : listArticle - 호출 BoardParameterDto [pg=1, spp=10, start=0, key=, word=]
2022-11-24 23:26:46.678  INFO 5912 --- [nio-9999-exec-2] c.ssafy.vue.controller.BoardController   : getTotalPage - 호출 5
2022-11-24 23:26:52.291  INFO 5912 --- [nio-9999-exec-4] c.ssafy.vue.controller.BoardController   : getArticle - 호출 : 1
2022-11-24 23:26:53.306  INFO 5912 --- [nio-9999-exec-5] c.ssafy.vue.controller.BoardController   : getArticle - 호출 : 1
2022-11-24 23:27:05.459 DEBUG 5912 --- [nio-9999-exec-8] c.ssafy.vue.controller.MemberController  : 로그인 accessToken 정보 : eyJ0eXAiOiJKV1QiLCJyZWdEYXRlIjoxNjY5MzAwMDI1NDM4LCJhbGciOiJIUzI1NiJ9.eyJleHAiOjE2NjkzMDcyMjUsInN1YiI6ImFjY2Vzcy10b2tlbiIsInVzZXJpZCI6ImFkbWluIn0.DvaaOmtMmRFP0-d_7i0HolRXoB2xGhoqIJKo4Swmp-A
2022-11-24 23:27:05.463 DEBUG 5912 --- [nio-9999-exec-8] c.ssafy.vue.controller.MemberController  : 로그인 refreshToken 정보 : eyJ0eXAiOiJKV1QiLCJyZWdEYXRlIjoxNjY5MzAwMDI1NDUzLCJhbGciOiJIUzI1NiJ9.eyJleHAiOjE2Njk3MzIwMjUsInN1YiI6InJlZnJlc2gtdG9rZW4iLCJ1c2VyaWQiOiJhZG1pbiJ9.WObOSD0iuPXZXmHwcnCq2Mx0rk1tdBQkQtsW2JDIfoA
2022-11-24 23:27:06.507  INFO 5912 --- [nio-9999-exec-9] c.ssafy.vue.controller.MemberController  : 사용 가능한 토큰!!!
2022-11-24 23:27:09.817  INFO 5912 --- [nio-9999-exec-1] c.ssafy.vue.controller.BoardController   : listArticle - 호출 BoardParameterDto [pg=1, spp=10, start=0, key=, word=]
2022-11-24 23:27:09.819  INFO 5912 --- [io-9999-exec-10] c.ssafy.vue.controller.BoardController   : getTotalPage - 호출 5
2022-11-24 23:27:10.884  INFO 5912 --- [nio-9999-exec-3] c.ssafy.vue.controller.BoardController   : getArticle - 호출 : 5
2022-11-24 23:27:11.709  INFO 5912 --- [nio-9999-exec-4] c.ssafy.vue.controller.BoardController   : deleteArticle - 호출
2022-11-24 23:27:12.636  INFO 5912 --- [nio-9999-exec-6] c.ssafy.vue.controller.BoardController   : listArticle - 호출 BoardParameterDto [pg=1, spp=10, start=0, key=, word=]
2022-11-24 23:27:12.638  INFO 5912 --- [nio-9999-exec-5] c.ssafy.vue.controller.BoardController   : getTotalPage - 호출 4
2022-11-24 23:27:13.388  INFO 5912 --- [nio-9999-exec-8] c.ssafy.vue.controller.BoardController   : getArticle - 호출 : 4
2022-11-24 23:27:13.982  INFO 5912 --- [nio-9999-exec-9] c.ssafy.vue.controller.BoardController   : deleteArticle - 호출
2022-11-24 23:27:14.108  INFO 5912 --- [io-9999-exec-10] c.ssafy.vue.controller.BoardController   : listArticle - 호출 BoardParameterDto [pg=1, spp=10, start=0, key=, word=]
2022-11-24 23:27:14.109  INFO 5912 --- [nio-9999-exec-1] c.ssafy.vue.controller.BoardController   : getTotalPage - 호출 3
2022-11-24 23:27:14.916  INFO 5912 --- [nio-9999-exec-3] c.ssafy.vue.controller.BoardController   : getArticle - 호출 : 3
2022-11-24 23:27:15.543  INFO 5912 --- [nio-9999-exec-4] c.ssafy.vue.controller.BoardController   : deleteArticle - 호출
2022-11-24 23:27:15.616  INFO 5912 --- [nio-9999-exec-5] c.ssafy.vue.controller.BoardController   : listArticle - 호출 BoardParameterDto [pg=1, spp=10, start=0, key=, word=]
2022-11-24 23:27:15.618  INFO 5912 --- [nio-9999-exec-6] c.ssafy.vue.controller.BoardController   : getTotalPage - 호출 2
2022-11-24 23:27:16.141  INFO 5912 --- [nio-9999-exec-8] c.ssafy.vue.controller.BoardController   : getArticle - 호출 : 2
2022-11-24 23:27:16.711  INFO 5912 --- [nio-9999-exec-9] c.ssafy.vue.controller.BoardController   : deleteArticle - 호출
2022-11-24 23:27:16.810  INFO 5912 --- [nio-9999-exec-1] c.ssafy.vue.controller.BoardController   : listArticle - 호출 BoardParameterDto [pg=1, spp=10, start=0, key=, word=]
2022-11-24 23:27:16.812  INFO 5912 --- [io-9999-exec-10] c.ssafy.vue.controller.BoardController   : getTotalPage - 호출 1
2022-11-24 23:27:17.220  INFO 5912 --- [nio-9999-exec-3] c.ssafy.vue.controller.BoardController   : getArticle - 호출 : 1
2022-11-24 23:27:17.854  INFO 5912 --- [nio-9999-exec-4] c.ssafy.vue.controller.BoardController   : deleteArticle - 호출
2022-11-24 23:27:18.143  INFO 5912 --- [nio-9999-exec-6] c.ssafy.vue.controller.BoardController   : listArticle - 호출 BoardParameterDto [pg=1, spp=10, start=0, key=, word=]
2022-11-24 23:27:18.144  INFO 5912 --- [nio-9999-exec-5] c.ssafy.vue.controller.BoardController   : getTotalPage - 호출 0
2022-11-24 23:27:19.112  INFO 5912 --- [nio-9999-exec-7] com.ssafy.vue.controller.QnaController   : listArticle - 호출
2022-11-24 23:27:19.114  INFO 5912 --- [nio-9999-exec-8] com.ssafy.vue.controller.QnaController   : getTotalPage - 호출 2
2022-11-24 23:27:19.797  INFO 5912 --- [nio-9999-exec-9] com.ssafy.vue.controller.QnaController   : getArticle - 호출 : 2
2022-11-24 23:27:20.543  INFO 5912 --- [io-9999-exec-10] com.ssafy.vue.controller.QnaController   : deleteArticle - 호출
2022-11-24 23:27:20.823  INFO 5912 --- [nio-9999-exec-2] com.ssafy.vue.controller.QnaController   : listArticle - 호출
2022-11-24 23:27:20.825  INFO 5912 --- [nio-9999-exec-3] com.ssafy.vue.controller.QnaController   : getTotalPage - 호출 1
2022-11-24 23:27:21.445  INFO 5912 --- [nio-9999-exec-4] com.ssafy.vue.controller.QnaController   : getArticle - 호출 : 1
2022-11-24 23:27:22.239  INFO 5912 --- [nio-9999-exec-5] com.ssafy.vue.controller.QnaController   : deleteArticle - 호출
2022-11-24 23:27:22.359  INFO 5912 --- [nio-9999-exec-7] com.ssafy.vue.controller.QnaController   : listArticle - 호출
2022-11-24 23:27:22.360  INFO 5912 --- [nio-9999-exec-8] com.ssafy.vue.controller.QnaController   : getTotalPage - 호출 0
2022-11-24 23:27:35.282  INFO 5912 --- [nio-9999-exec-3] c.ssafy.vue.controller.BoardController   : listArticle - 호출 BoardParameterDto [pg=1, spp=10, start=0, key=, word=]
2022-11-24 23:27:35.283  INFO 5912 --- [nio-9999-exec-2] c.ssafy.vue.controller.BoardController   : getTotalPage - 호출 0
2022-11-24 23:29:50.887  INFO 5912 --- [nio-9999-exec-7] c.ssafy.vue.controller.BoardController   : listArticle - 호출 BoardParameterDto [pg=1, spp=10, start=0, key=, word=]
2022-11-24 23:29:50.888  INFO 5912 --- [nio-9999-exec-8] c.ssafy.vue.controller.BoardController   : getTotalPage - 호출 0
2022-11-24 23:30:07.643 DEBUG 5912 --- [nio-9999-exec-9] c.ssafy.vue.controller.MemberController  : userCheckId userId : user1
2022-11-24 23:30:07.644 DEBUG 5912 --- [nio-9999-exec-9] c.ssafy.vue.controller.MemberController  : userCheckId userId 3: null
2022-11-24 23:30:07.645 DEBUG 5912 --- [nio-9999-exec-9] c.ssafy.vue.controller.MemberController  : userCheckId userId 2: {message=success}
2022-11-24 23:30:07.651 DEBUG 5912 --- [io-9999-exec-10] c.ssafy.vue.controller.MemberController  : userRegister memberDto : com.ssafy.vue.model.MemberDto@f1907
2022-11-24 23:30:13.693 DEBUG 5912 --- [nio-9999-exec-3] c.ssafy.vue.controller.MemberController  : 로그인 accessToken 정보 : eyJ0eXAiOiJKV1QiLCJyZWdEYXRlIjoxNjY5MzAwMjEzNjkxLCJhbGciOiJIUzI1NiJ9.eyJleHAiOjE2NjkzMDc0MTMsInN1YiI6ImFjY2Vzcy10b2tlbiIsInVzZXJpZCI6InVzZXIxIn0.m5V_hcIR5icEujsLQgzkykGg31OEw_plWaqtNgB4utk
2022-11-24 23:30:13.694 DEBUG 5912 --- [nio-9999-exec-3] c.ssafy.vue.controller.MemberController  : 로그인 refreshToken 정보 : eyJ0eXAiOiJKV1QiLCJyZWdEYXRlIjoxNjY5MzAwMjEzNjkxLCJhbGciOiJIUzI1NiJ9.eyJleHAiOjE2Njk3MzIyMTMsInN1YiI6InJlZnJlc2gtdG9rZW4iLCJ1c2VyaWQiOiJ1c2VyMSJ9.DNnEBYouGOVj5fCiFF0dMW5D6zu1O3ifySChY_XyNVo
2022-11-24 23:30:14.760  INFO 5912 --- [nio-9999-exec-4] c.ssafy.vue.controller.MemberController  : 사용 가능한 토큰!!!
2022-11-24 23:30:16.854  INFO 5912 --- [nio-9999-exec-5] c.ssafy.vue.controller.BoardController   : listArticle - 호출 BoardParameterDto [pg=1, spp=10, start=0, key=, word=]
2022-11-24 23:30:16.855  INFO 5912 --- [nio-9999-exec-6] c.ssafy.vue.controller.BoardController   : getTotalPage - 호출 0
2022-11-24 23:30:18.865  INFO 5912 --- [nio-9999-exec-8] com.ssafy.vue.controller.QnaController   : listArticle - 호출
2022-11-24 23:30:18.867  INFO 5912 --- [nio-9999-exec-7] com.ssafy.vue.controller.QnaController   : getTotalPage - 호출 0
2022-11-24 23:30:19.957  INFO 5912 --- [nio-9999-exec-1] c.ssafy.vue.controller.BoardController   : listArticle - 호출 BoardParameterDto [pg=1, spp=10, start=0, key=, word=]
2022-11-24 23:30:19.959  INFO 5912 --- [nio-9999-exec-9] c.ssafy.vue.controller.BoardController   : getTotalPage - 호출 0
2022-11-24 23:30:29.213 DEBUG 5912 --- [nio-9999-exec-2] c.ssafy.vue.controller.MemberController  : 로그인 accessToken 정보 : eyJ0eXAiOiJKV1QiLCJyZWdEYXRlIjoxNjY5MzAwMjI5MjA2LCJhbGciOiJIUzI1NiJ9.eyJleHAiOjE2NjkzMDc0MjksInN1YiI6ImFjY2Vzcy10b2tlbiIsInVzZXJpZCI6ImFkbWluIn0.lXvU2FDovez4OS-4Ni2Tm0Q1yJF61KVJqVXsSei_Oxw
2022-11-24 23:30:29.214 DEBUG 5912 --- [nio-9999-exec-2] c.ssafy.vue.controller.MemberController  : 로그인 refreshToken 정보 : eyJ0eXAiOiJKV1QiLCJyZWdEYXRlIjoxNjY5MzAwMjI5MjA2LCJhbGciOiJIUzI1NiJ9.eyJleHAiOjE2Njk3MzIyMjksInN1YiI6InJlZnJlc2gtdG9rZW4iLCJ1c2VyaWQiOiJhZG1pbiJ9.AEpJ0PFuV8xBDMcCsaVKLpkkoGUfE7Q2PJJnpxs2k9A
2022-11-24 23:30:30.141  INFO 5912 --- [nio-9999-exec-4] c.ssafy.vue.controller.MemberController  : 사용 가능한 토큰!!!
2022-11-24 23:30:32.407  INFO 5912 --- [nio-9999-exec-6] c.ssafy.vue.controller.BoardController   : listArticle - 호출 BoardParameterDto [pg=1, spp=10, start=0, key=, word=]
2022-11-24 23:30:32.409  INFO 5912 --- [nio-9999-exec-5] c.ssafy.vue.controller.BoardController   : getTotalPage - 호출 0
2022-11-24 23:30:39.487  INFO 5912 --- [nio-9999-exec-7] c.ssafy.vue.controller.BoardController   : writeArticle - 호출
2022-11-24 23:30:41.057  INFO 5912 --- [nio-9999-exec-1] c.ssafy.vue.controller.BoardController   : listArticle - 호출 BoardParameterDto [pg=1, spp=10, start=0, key=, word=]
2022-11-24 23:30:41.059  INFO 5912 --- [nio-9999-exec-9] c.ssafy.vue.controller.BoardController   : getTotalPage - 호출 1
2022-11-24 23:30:46.350  INFO 5912 --- [io-9999-exec-10] c.ssafy.vue.controller.BoardController   : writeArticle - 호출
2022-11-24 23:30:47.582  INFO 5912 --- [nio-9999-exec-2] c.ssafy.vue.controller.BoardController   : listArticle - 호출 BoardParameterDto [pg=1, spp=10, start=0, key=, word=]
2022-11-24 23:30:47.584  INFO 5912 --- [nio-9999-exec-3] c.ssafy.vue.controller.BoardController   : getTotalPage - 호출 2
2022-11-24 23:30:51.862  INFO 5912 --- [nio-9999-exec-4] c.ssafy.vue.controller.BoardController   : writeArticle - 호출
2022-11-24 23:30:52.954  INFO 5912 --- [nio-9999-exec-5] c.ssafy.vue.controller.BoardController   : listArticle - 호출 BoardParameterDto [pg=1, spp=10, start=0, key=, word=]
2022-11-24 23:30:52.956  INFO 5912 --- [nio-9999-exec-6] c.ssafy.vue.controller.BoardController   : getTotalPage - 호출 3
2022-11-24 23:30:59.719  INFO 5912 --- [nio-9999-exec-7] c.ssafy.vue.controller.BoardController   : listArticle - 호출 BoardParameterDto [pg=1, spp=10, start=0, key=subject, word=a]
2022-11-24 23:30:59.721  INFO 5912 --- [nio-9999-exec-8] c.ssafy.vue.controller.BoardController   : getTotalPage - 호출 2
2022-11-24 23:31:02.161  INFO 5912 --- [nio-9999-exec-9] c.ssafy.vue.controller.BoardController   : listArticle - 호출 BoardParameterDto [pg=1, spp=10, start=0, key=subject, word=b]
2022-11-24 23:31:02.162  INFO 5912 --- [nio-9999-exec-1] c.ssafy.vue.controller.BoardController   : getTotalPage - 호출 2
2022-11-24 23:31:11.441  INFO 5912 --- [io-9999-exec-10] c.ssafy.vue.controller.BoardController   : getArticle - 호출 : 8
2022-11-24 23:31:13.105  INFO 5912 --- [nio-9999-exec-3] c.ssafy.vue.controller.BoardController   : deleteArticle - 호출
2022-11-24 23:31:14.625  INFO 5912 --- [nio-9999-exec-5] c.ssafy.vue.controller.BoardController   : listArticle - 호출 BoardParameterDto [pg=1, spp=10, start=0, key=subject, word=b]
2022-11-24 23:31:14.627  INFO 5912 --- [nio-9999-exec-4] c.ssafy.vue.controller.BoardController   : getTotalPage - 호출 1
2022-11-24 23:31:15.744  INFO 5912 --- [nio-9999-exec-6] c.ssafy.vue.controller.BoardController   : getArticle - 호출 : 7
2022-11-24 23:31:22.722  INFO 5912 --- [nio-9999-exec-7] c.ssafy.vue.controller.BoardController   : modifyArticle - 호출 BoardDto [articleno=7, userid=admin, subject=b, content=abc, hit=1, regtime=23:30:46]
2022-11-24 23:31:24.121  INFO 5912 --- [nio-9999-exec-9] c.ssafy.vue.controller.BoardController   : listArticle - 호출 BoardParameterDto [pg=1, spp=10, start=0, key=, word=]
2022-11-24 23:31:24.123  INFO 5912 --- [nio-9999-exec-8] c.ssafy.vue.controller.BoardController   : getTotalPage - 호출 2
2022-11-24 23:31:27.871  INFO 5912 --- [io-9999-exec-10] com.ssafy.vue.controller.QnaController   : listArticle - 호출
2022-11-24 23:31:27.873  INFO 5912 --- [nio-9999-exec-1] com.ssafy.vue.controller.QnaController   : getTotalPage - 호출 0
2022-11-24 23:31:29.405  INFO 5912 --- [nio-9999-exec-3] c.ssafy.vue.controller.BoardController   : listArticle - 호출 BoardParameterDto [pg=1, spp=10, start=0, key=, word=]
2022-11-24 23:31:29.406  INFO 5912 --- [nio-9999-exec-2] c.ssafy.vue.controller.BoardController   : getTotalPage - 호출 2
2022-11-24 23:31:36.596  INFO 5912 --- [nio-9999-exec-4] c.ssafy.vue.controller.BoardController   : listArticle - 호출 BoardParameterDto [pg=1, spp=10, start=0, key=userid, word=admin]
2022-11-24 23:31:36.598  INFO 5912 --- [nio-9999-exec-5] c.ssafy.vue.controller.BoardController   : getTotalPage - 호출 2
2022-11-24 23:31:41.098  INFO 5912 --- [nio-9999-exec-7] c.ssafy.vue.controller.BoardController   : listArticle - 호출 BoardParameterDto [pg=1, spp=10, start=0, key=userid, word=a]
2022-11-24 23:31:41.100  INFO 5912 --- [nio-9999-exec-6] c.ssafy.vue.controller.BoardController   : getTotalPage - 호출 0
2022-11-24 23:31:50.422  INFO 5912 --- [nio-9999-exec-8] com.ssafy.vue.controller.QnaController   : listArticle - 호출
2022-11-24 23:31:50.423  INFO 5912 --- [nio-9999-exec-9] com.ssafy.vue.controller.QnaController   : getTotalPage - 호출 0
2022-11-24 23:34:07.672  INFO 5912 --- [nio-9999-exec-5] c.ssafy.vue.controller.BoardController   : listArticle - 호출 BoardParameterDto [pg=1, spp=10, start=0, key=, word=]
2022-11-24 23:34:07.674  INFO 5912 --- [nio-9999-exec-4] c.ssafy.vue.controller.BoardController   : getTotalPage - 호출 2
2022-11-24 23:34:09.885  INFO 5912 --- [nio-9999-exec-7] c.ssafy.vue.controller.BoardController   : getArticle - 호출 : 7
2022-11-24 23:35:30.777  INFO 5912 --- [io-9999-exec-10] c.ssafy.vue.controller.BoardController   : listArticle - 호출 BoardParameterDto [pg=1, spp=10, start=0, key=, word=]
2022-11-24 23:35:30.779  INFO 5912 --- [nio-9999-exec-1] c.ssafy.vue.controller.BoardController   : getTotalPage - 호출 2
2022-11-24 23:35:39.081 DEBUG 5912 --- [nio-9999-exec-2] c.ssafy.vue.controller.MemberController  : 로그인 accessToken 정보 : eyJ0eXAiOiJKV1QiLCJyZWdEYXRlIjoxNjY5MzAwNTM5MDc0LCJhbGciOiJIUzI1NiJ9.eyJleHAiOjE2NjkzMDc3MzksInN1YiI6ImFjY2Vzcy10b2tlbiIsInVzZXJpZCI6InNzYWZ5In0.xCf7cjTIYkaLdzNfCU6C91UzrAlIQLuE6Dj0KVI2s4M
2022-11-24 23:35:39.081 DEBUG 5912 --- [nio-9999-exec-2] c.ssafy.vue.controller.MemberController  : 로그인 refreshToken 정보 : eyJ0eXAiOiJKV1QiLCJyZWdEYXRlIjoxNjY5MzAwNTM5MDc0LCJhbGciOiJIUzI1NiJ9.eyJleHAiOjE2Njk3MzI1MzksInN1YiI6InJlZnJlc2gtdG9rZW4iLCJ1c2VyaWQiOiJzc2FmeSJ9.lYvrieDNGjU61N-CBzbppuB6iQhrn7gZm4UQENz19lI
2022-11-24 23:35:40.323  INFO 5912 --- [nio-9999-exec-4] c.ssafy.vue.controller.MemberController  : 사용 가능한 토큰!!!
2022-11-24 23:35:44.123  INFO 5912 --- [nio-9999-exec-8] c.ssafy.vue.controller.BoardController   : listArticle - 호출 BoardParameterDto [pg=1, spp=10, start=0, key=, word=]
2022-11-24 23:35:44.125  INFO 5912 --- [nio-9999-exec-7] c.ssafy.vue.controller.BoardController   : getTotalPage - 호출 2
2022-11-24 23:35:47.397  INFO 5912 --- [nio-9999-exec-9] com.ssafy.vue.controller.QnaController   : listArticle - 호출
2022-11-24 23:35:47.399  INFO 5912 --- [nio-9999-exec-6] com.ssafy.vue.controller.QnaController   : getTotalPage - 호출 0
2022-11-24 23:35:53.907  INFO 5912 --- [nio-9999-exec-1] com.ssafy.vue.controller.QnaController   : writeArticle - 호출
2022-11-24 23:35:55.030  INFO 5912 --- [nio-9999-exec-2] com.ssafy.vue.controller.QnaController   : listArticle - 호출
2022-11-24 23:35:55.031  INFO 5912 --- [nio-9999-exec-3] com.ssafy.vue.controller.QnaController   : getTotalPage - 호출 1
2022-11-24 23:35:59.177  INFO 5912 --- [nio-9999-exec-5] com.ssafy.vue.controller.QnaController   : writeArticle - 호출
2022-11-24 23:36:00.647  INFO 5912 --- [nio-9999-exec-8] com.ssafy.vue.controller.QnaController   : listArticle - 호출
2022-11-24 23:36:00.649  INFO 5912 --- [nio-9999-exec-4] com.ssafy.vue.controller.QnaController   : getTotalPage - 호출 2
2022-11-24 23:36:02.657  INFO 5912 --- [nio-9999-exec-7] com.ssafy.vue.controller.QnaController   : getArticle - 호출 : 5
2022-11-24 23:36:06.202  INFO 5912 --- [nio-9999-exec-6] com.ssafy.vue.controller.QnaController   : writeArticle - 호출
2022-11-24 23:36:07.363  INFO 5912 --- [io-9999-exec-10] com.ssafy.vue.controller.QnaController   : listArticle - 호출
2022-11-24 23:36:07.365  INFO 5912 --- [nio-9999-exec-9] com.ssafy.vue.controller.QnaController   : getTotalPage - 호출 3
2022-11-24 23:36:10.194  INFO 5912 --- [nio-9999-exec-1] com.ssafy.vue.controller.QnaController   : getArticle - 호출 : 5
2022-11-24 23:36:13.275  INFO 5912 --- [nio-9999-exec-3] com.ssafy.vue.controller.QnaController   : writeArticle - 호출
2022-11-24 23:36:14.190  INFO 5912 --- [nio-9999-exec-5] com.ssafy.vue.controller.QnaController   : listArticle - 호출
2022-11-24 23:36:14.192  INFO 5912 --- [nio-9999-exec-2] com.ssafy.vue.controller.QnaController   : getTotalPage - 호출 4
2022-11-24 23:36:16.091  INFO 5912 --- [nio-9999-exec-8] com.ssafy.vue.controller.QnaController   : getArticle - 호출 : 6
2022-11-24 23:36:18.780  INFO 5912 --- [nio-9999-exec-4] com.ssafy.vue.controller.QnaController   : writeArticle - 호출
2022-11-24 23:36:20.124  INFO 5912 --- [nio-9999-exec-6] com.ssafy.vue.controller.QnaController   : listArticle - 호출
2022-11-24 23:36:20.125  INFO 5912 --- [nio-9999-exec-7] com.ssafy.vue.controller.QnaController   : getTotalPage - 호출 5
2022-11-24 23:36:24.620  INFO 5912 --- [io-9999-exec-10] com.ssafy.vue.controller.QnaController   : getArticle - 호출 : 6
2022-11-24 23:36:25.556  INFO 5912 --- [nio-9999-exec-9] com.ssafy.vue.controller.QnaController   : getArticle - 호출 : 8
2022-11-24 23:36:26.436  INFO 5912 --- [nio-9999-exec-1] com.ssafy.vue.controller.QnaController   : getArticle - 호출 : 7
2022-11-24 23:36:34.083  INFO 5912 --- [nio-9999-exec-2] com.ssafy.vue.controller.QnaController   : listArticle - 호출
2022-11-24 23:36:34.085  INFO 5912 --- [nio-9999-exec-3] com.ssafy.vue.controller.QnaController   : getTotalPage - 호출 1
2022-11-24 23:36:39.953  INFO 5912 --- [nio-9999-exec-8] com.ssafy.vue.controller.QnaController   : listArticle - 호출
2022-11-24 23:36:39.954  INFO 5912 --- [nio-9999-exec-5] com.ssafy.vue.controller.QnaController   : getTotalPage - 호출 5
2022-11-24 23:36:42.570  INFO 5912 --- [nio-9999-exec-7] com.ssafy.vue.controller.QnaController   : listArticle - 호출
2022-11-24 23:36:42.571  INFO 5912 --- [nio-9999-exec-4] com.ssafy.vue.controller.QnaController   : getTotalPage - 호출 0
2022-11-24 23:36:58.937 DEBUG 5912 --- [io-9999-exec-10] c.ssafy.vue.controller.MemberController  : 로그인 accessToken 정보 : eyJ0eXAiOiJKV1QiLCJyZWdEYXRlIjoxNjY5MzAwNjE4OTMwLCJhbGciOiJIUzI1NiJ9.eyJleHAiOjE2NjkzMDc4MTgsInN1YiI6ImFjY2Vzcy10b2tlbiIsInVzZXJpZCI6ImFkbWluIn0.XvgrxUE-KYUESgGLWSWFHNYpTQfGZa1g8eKmeuFLoMs
2022-11-24 23:36:58.937 DEBUG 5912 --- [io-9999-exec-10] c.ssafy.vue.controller.MemberController  : 로그인 refreshToken 정보 : eyJ0eXAiOiJKV1QiLCJyZWdEYXRlIjoxNjY5MzAwNjE4OTMwLCJhbGciOiJIUzI1NiJ9.eyJleHAiOjE2Njk3MzI2MTgsInN1YiI6InJlZnJlc2gtdG9rZW4iLCJ1c2VyaWQiOiJhZG1pbiJ9.UBRGFrOrv2hM6cveqqjcGOGO3m_m4QZ90Jpf3v0KbcM
2022-11-24 23:37:00.172  INFO 5912 --- [nio-9999-exec-1] c.ssafy.vue.controller.MemberController  : 사용 가능한 토큰!!!
2022-11-24 23:37:01.156  INFO 5912 --- [nio-9999-exec-3] c.ssafy.vue.controller.BoardController   : listArticle - 호출 BoardParameterDto [pg=1, spp=10, start=0, key=, word=]
2022-11-24 23:37:01.158  INFO 5912 --- [nio-9999-exec-2] c.ssafy.vue.controller.BoardController   : getTotalPage - 호출 2
2022-11-24 23:37:04.297  INFO 5912 --- [nio-9999-exec-5] c.ssafy.vue.controller.BoardController   : getArticle - 호출 : 7
2022-11-24 23:37:07.763  INFO 5912 --- [nio-9999-exec-7] com.ssafy.vue.controller.QnaController   : listArticle - 호출
2022-11-24 23:37:07.765  INFO 5912 --- [nio-9999-exec-8] com.ssafy.vue.controller.QnaController   : getTotalPage - 호출 5
2022-11-24 23:37:10.618  INFO 5912 --- [nio-9999-exec-4] com.ssafy.vue.controller.QnaController   : getArticle - 호출 : 8
2022-11-24 23:37:12.052  INFO 5912 --- [io-9999-exec-10] com.ssafy.vue.controller.QnaController   : deleteArticle - 호출
2022-11-24 23:37:13.322  INFO 5912 --- [nio-9999-exec-1] com.ssafy.vue.controller.QnaController   : listArticle - 호출
2022-11-24 23:37:13.324  INFO 5912 --- [nio-9999-exec-9] com.ssafy.vue.controller.QnaController   : getTotalPage - 호출 4
2022-11-24 23:37:17.315  INFO 5912 --- [nio-9999-exec-3] com.ssafy.vue.controller.QnaController   : getArticle - 호출 : 4
2022-11-24 23:37:21.931  INFO 5912 --- [nio-9999-exec-2] com.ssafy.vue.controller.QnaController   : writeArticle - 호출
2022-11-24 23:37:23.306  INFO 5912 --- [nio-9999-exec-7] com.ssafy.vue.controller.QnaController   : listArticle - 호출
2022-11-24 23:37:23.307  INFO 5912 --- [nio-9999-exec-5] com.ssafy.vue.controller.QnaController   : getTotalPage - 호출 5
2022-11-24 23:37:38.181  INFO 5912 --- [io-9999-exec-10] c.s.vue.controller.HouseMapController    : listFavorite - 호출[FavoriteDto [user_id=ssafy, dongCode=1114016500, aptName=(1546-0), reg_time=2022-11-24 13:05:14], FavoriteDto [user_id=ssafy, dongCode=1111016700, aptName=CS타워, reg_time=2022-11-24 13:05:56]]
2022-11-24 23:38:29.604  INFO 5912 --- [nio-9999-exec-9] c.ssafy.vue.controller.MemberController  : 사용 가능한 토큰!!!
2022-11-24 23:38:34.264  INFO 5912 --- [nio-9999-exec-5] c.s.vue.controller.HouseMapController    : listFavorite - 호출[FavoriteDto [user_id=ssafy, dongCode=1114016500, aptName=(1546-0), reg_time=2022-11-24 13:05:14], FavoriteDto [user_id=ssafy, dongCode=1111016700, aptName=CS타워, reg_time=2022-11-24 13:05:56]]
2022-11-24 23:38:37.213  INFO 5912 --- [nio-9999-exec-4] c.s.vue.controller.HouseMapController    : writeFavorite - 호출 FavoriteDto [user_id=admin, dongCode=1114016500, aptName=(1546-0), reg_time=null]
2022-11-24 23:38:40.445  INFO 5912 --- [io-9999-exec-10] c.ssafy.vue.controller.MemberController  : 사용 가능한 토큰!!!
2022-11-24 23:38:43.950  INFO 5912 --- [nio-9999-exec-7] c.s.vue.controller.HouseMapController    : listFavorite - 호출[FavoriteDto [user_id=ssafy, dongCode=1114016500, aptName=(1546-0), reg_time=2022-11-24 13:05:14], FavoriteDto [user_id=ssafy, dongCode=1111016700, aptName=CS타워, reg_time=2022-11-24 13:05:56], FavoriteDto [user_id=admin, dongCode=1114016500, aptName=(1546-0), reg_time=2022-11-24 23:38:37]]
2022-11-24 23:38:47.787  INFO 5912 --- [nio-9999-exec-6] c.s.vue.controller.HouseMapController    : listFavorite - 호출[FavoriteDto [user_id=ssafy, dongCode=1114016500, aptName=(1546-0), reg_time=2022-11-24 13:05:14], FavoriteDto [user_id=ssafy, dongCode=1111016700, aptName=CS타워, reg_time=2022-11-24 13:05:56], FavoriteDto [user_id=admin, dongCode=1114016500, aptName=(1546-0), reg_time=2022-11-24 23:38:37]]
2022-11-24 23:39:18.558  INFO 5912 --- [nio-9999-exec-8] c.s.vue.controller.HouseMapController    : listFavorite - 호출[FavoriteDto [user_id=ssafy, dongCode=1114016500, aptName=(1546-0), reg_time=2022-11-24 13:05:14], FavoriteDto [user_id=ssafy, dongCode=1111016700, aptName=CS타워, reg_time=2022-11-24 13:05:56], FavoriteDto [user_id=admin, dongCode=1114016500, aptName=(1546-0), reg_time=2022-11-24 23:38:37]]
2022-11-24 23:39:33.867  INFO 5912 --- [nio-9999-exec-4] c.ssafy.vue.controller.MemberController  : 사용 가능한 토큰!!!
2022-11-24 23:42:17.311  INFO 5912 --- [nio-9999-exec-3] c.ssafy.vue.controller.MemberController  : 사용 가능한 토큰!!!
