[2m2022-11-11 11:23:36.037[0;39m [32m INFO[0;39m [35m8076[0;39m [2m---[0;39m [2m[           main][0;39m [36mo.s.b.w.embedded.tomcat.TomcatWebServer [0;39m [2m:[0;39m Tomcat initialized with port(s): 9999 (http)
[2m2022-11-11 11:23:36.121[0;39m [32m INFO[0;39m [35m8076[0;39m [2m---[0;39m [2m[           main][0;39m [36mw.s.c.ServletWebServerApplicationContext[0;39m [2m:[0;39m Root WebApplicationContext: initialization completed in 1006 ms
[2m2022-11-11 11:23:36.778[0;39m [32m INFO[0;39m [35m8076[0;39m [2m---[0;39m [2m[           main][0;39m [36mo.s.b.w.embedded.tomcat.TomcatWebServer [0;39m [2m:[0;39m Tomcat started on port(s): 9999 (http) with context path '/vue'
[2m2022-11-11 11:23:40.829[0;39m [32m INFO[0;39m [35m8076[0;39m [2m---[0;39m [2m[on(8)-127.0.0.1][0;39m [36minMXBeanRegistrar$SpringApplicationAdmin[0;39m [2m:[0;39m Application shutdown requested.
[2m2022-11-11 13:44:04.779[0;39m [32m INFO[0;39m [35m12772[0;39m [2m---[0;39m [2m[           main][0;39m [36mo.s.b.w.embedded.tomcat.TomcatWebServer [0;39m [2m:[0;39m Tomcat initialized with port(s): 9999 (http)
[2m2022-11-11 13:44:04.868[0;39m [32m INFO[0;39m [35m12772[0;39m [2m---[0;39m [2m[           main][0;39m [36mw.s.c.ServletWebServerApplicationContext[0;39m [2m:[0;39m Root WebApplicationContext: initialization completed in 952 ms
[2m2022-11-11 13:44:05.475[0;39m [32m INFO[0;39m [35m12772[0;39m [2m---[0;39m [2m[           main][0;39m [36mo.s.b.w.embedded.tomcat.TomcatWebServer [0;39m [2m:[0;39m Tomcat started on port(s): 9999 (http) with context path '/vue'
[2m2022-11-11 14:52:40.744[0;39m [32m INFO[0;39m [35m12772[0;39m [2m---[0;39m [2m[nio-9999-exec-4][0;39m [36mo.s.web.servlet.DispatcherServlet       [0;39m [2m:[0;39m Initializing Servlet 'dispatcherServlet'
[2m2022-11-11 14:52:40.746[0;39m [32m INFO[0;39m [35m12772[0;39m [2m---[0;39m [2m[nio-9999-exec-4][0;39m [36mo.s.web.servlet.DispatcherServlet       [0;39m [2m:[0;39m Completed initialization in 1 ms
[2m2022-11-11 14:52:40.773[0;39m [32m INFO[0;39m [35m12772[0;39m [2m---[0;39m [2m[nio-9999-exec-4][0;39m [36mc.ssafy.vue.controller.BoardController  [0;39m [2m:[0;39m listArticle - 호출
[2m2022-11-11 14:52:49.748[0;39m [32m INFO[0;39m [35m12772[0;39m [2m---[0;39m [2m[nio-9999-exec-5][0;39m [36mc.ssafy.vue.controller.BoardController  [0;39m [2m:[0;39m listArticle - 호출
[2m2022-11-11 14:53:13.859[0;39m [33m WARN[0;39m [35m12772[0;39m [2m---[0;39m [2m[nio-9999-exec-6][0;39m [36mo.s.web.servlet.PageNotFound            [0;39m [2m:[0;39m No mapping for GET /vue/use
[2m2022-11-11 14:53:15.378[0;39m [33m WARN[0;39m [35m12772[0;39m [2m---[0;39m [2m[nio-9999-exec-7][0;39m [36mo.s.web.servlet.PageNotFound            [0;39m [2m:[0;39m No mapping for GET /vue/user
[2m2022-11-11 14:53:20.225[0;39m [33m WARN[0;39m [35m12772[0;39m [2m---[0;39m [2m[nio-9999-exec-9][0;39m [36mo.s.web.servlet.PageNotFound            [0;39m [2m:[0;39m No mapping for GET /vue/member
[2m2022-11-11 14:53:22.633[0;39m [33m WARN[0;39m [35m12772[0;39m [2m---[0;39m [2m[nio-9999-exec-2][0;39m [36mo.s.web.servlet.PageNotFound            [0;39m [2m:[0;39m No mapping for GET /vue/
[2m2022-11-11 14:53:27.943[0;39m [32m INFO[0;39m [35m12772[0;39m [2m---[0;39m [2m[nio-9999-exec-1][0;39m [36mc.ssafy.vue.controller.BoardController  [0;39m [2m:[0;39m listArticle - 호출
[2m2022-11-11 14:54:00.640[0;39m [33m WARN[0;39m [35m12772[0;39m [2m---[0;39m [2m[nio-9999-exec-3][0;39m [36mo.s.web.servlet.PageNotFound            [0;39m [2m:[0;39m No mapping for GET /vue/user
[2m2022-11-11 14:54:10.639[0;39m [33m WARN[0;39m [35m12772[0;39m [2m---[0;39m [2m[nio-9999-exec-4][0;39m [36mo.s.web.servlet.PageNotFound            [0;39m [2m:[0;39m No mapping for GET /vue/user/info/
[2m2022-11-11 14:54:12.364[0;39m [31mERROR[0;39m [35m12772[0;39m [2m---[0;39m [2m[nio-9999-exec-5][0;39m [36mc.s.vue.model.service.JwtServiceImpl    [0;39m [2m:[0;39m JWT String argument cannot be null or empty.
[2m2022-11-11 14:54:12.364[0;39m [31mERROR[0;39m [35m12772[0;39m [2m---[0;39m [2m[nio-9999-exec-5][0;39m [36mc.ssafy.vue.controller.MemberController [0;39m [2m:[0;39m 사용 불가능 토큰!!!
[2m2022-11-11 14:56:00.993[0;39m [31mERROR[0;39m [35m12772[0;39m [2m---[0;39m [2m[nio-9999-exec-8][0;39m [36mc.s.vue.model.service.JwtServiceImpl    [0;39m [2m:[0;39m JWT String argument cannot be null or empty.
[2m2022-11-11 14:56:00.993[0;39m [31mERROR[0;39m [35m12772[0;39m [2m---[0;39m [2m[nio-9999-exec-8][0;39m [36mc.ssafy.vue.controller.MemberController [0;39m [2m:[0;39m 사용 불가능 토큰!!!
[2m2022-11-11 14:56:08.046[0;39m [33m WARN[0;39m [35m12772[0;39m [2m---[0;39m [2m[nio-9999-exec-9][0;39m [36mo.s.web.servlet.PageNotFound            [0;39m [2m:[0;39m No mapping for GET /vue/info/admin
[2m2022-11-11 14:56:11.221[0;39m [31mERROR[0;39m [35m12772[0;39m [2m---[0;39m [2m[io-9999-exec-10][0;39m [36mc.s.vue.model.service.JwtServiceImpl    [0;39m [2m:[0;39m JWT String argument cannot be null or empty.
[2m2022-11-11 14:56:11.221[0;39m [31mERROR[0;39m [35m12772[0;39m [2m---[0;39m [2m[io-9999-exec-10][0;39m [36mc.ssafy.vue.controller.MemberController [0;39m [2m:[0;39m 사용 불가능 토큰!!!
[2m2022-11-11 14:56:14.496[0;39m [31mERROR[0;39m [35m12772[0;39m [2m---[0;39m [2m[nio-9999-exec-2][0;39m [36mc.s.vue.model.service.JwtServiceImpl    [0;39m [2m:[0;39m JWT String argument cannot be null or empty.
[2m2022-11-11 14:56:14.496[0;39m [31mERROR[0;39m [35m12772[0;39m [2m---[0;39m [2m[nio-9999-exec-2][0;39m [36mc.ssafy.vue.controller.MemberController [0;39m [2m:[0;39m 사용 불가능 토큰!!!
[2m2022-11-11 14:59:44.326[0;39m [32m INFO[0;39m [35m12772[0;39m [2m---[0;39m [2m[n(86)-127.0.0.1][0;39m [36minMXBeanRegistrar$SpringApplicationAdmin[0;39m [2m:[0;39m Application shutdown requested.
[2m2022-11-11 14:59:44.414[0;39m [33m WARN[0;39m [35m12772[0;39m [2m---[0;39m [2m[n(86)-127.0.0.1][0;39m [36mo.a.c.loader.WebappClassLoaderBase      [0;39m [2m:[0;39m The web application [vue] appears to have started a thread named [HikariPool-1 housekeeper] but has failed to stop it. This is very likely to create a memory leak. Stack trace of thread:
 sun.misc.Unsafe.park(Native Method)
 java.util.concurrent.locks.LockSupport.parkNanos(LockSupport.java:215)
 java.util.concurrent.locks.AbstractQueuedSynchronizer$ConditionObject.awaitNanos(AbstractQueuedSynchronizer.java:2078)
 java.util.concurrent.ScheduledThreadPoolExecutor$DelayedWorkQueue.take(ScheduledThreadPoolExecutor.java:1093)
 java.util.concurrent.ScheduledThreadPoolExecutor$DelayedWorkQueue.take(ScheduledThreadPoolExecutor.java:809)
 java.util.concurrent.ThreadPoolExecutor.getTask(ThreadPoolExecutor.java:1074)
 java.util.concurrent.ThreadPoolExecutor.runWorker(ThreadPoolExecutor.java:1134)
 java.util.concurrent.ThreadPoolExecutor$Worker.run(ThreadPoolExecutor.java:624)
 java.lang.Thread.run(Thread.java:748)
[2m2022-11-11 14:59:48.798[0;39m [32m INFO[0;39m [35m10236[0;39m [2m---[0;39m [2m[           main][0;39m [36mo.s.b.w.embedded.tomcat.TomcatWebServer [0;39m [2m:[0;39m Tomcat initialized with port(s): 9999 (http)
[2m2022-11-11 14:59:48.883[0;39m [32m INFO[0;39m [35m10236[0;39m [2m---[0;39m [2m[           main][0;39m [36mw.s.c.ServletWebServerApplicationContext[0;39m [2m:[0;39m Root WebApplicationContext: initialization completed in 967 ms
[2m2022-11-11 14:59:49.502[0;39m [32m INFO[0;39m [35m10236[0;39m [2m---[0;39m [2m[           main][0;39m [36mo.s.b.w.embedded.tomcat.TomcatWebServer [0;39m [2m:[0;39m Tomcat started on port(s): 9999 (http) with context path '/vue'
[2m2022-11-11 14:59:59.432[0;39m [32m INFO[0;39m [35m10236[0;39m [2m---[0;39m [2m[nio-9999-exec-1][0;39m [36mo.s.web.servlet.DispatcherServlet       [0;39m [2m:[0;39m Initializing Servlet 'dispatcherServlet'
[2m2022-11-11 14:59:59.433[0;39m [32m INFO[0;39m [35m10236[0;39m [2m---[0;39m [2m[nio-9999-exec-1][0;39m [36mo.s.web.servlet.DispatcherServlet       [0;39m [2m:[0;39m Completed initialization in 1 ms
[2m2022-11-11 15:00:47.069[0;39m [32m INFO[0;39m [35m10236[0;39m [2m---[0;39m [2m[n(11)-127.0.0.1][0;39m [36minMXBeanRegistrar$SpringApplicationAdmin[0;39m [2m:[0;39m Application shutdown requested.
[2m2022-11-11 15:00:51.893[0;39m [32m INFO[0;39m [35m11424[0;39m [2m---[0;39m [2m[           main][0;39m [36mo.s.b.w.embedded.tomcat.TomcatWebServer [0;39m [2m:[0;39m Tomcat initialized with port(s): 9999 (http)
[2m2022-11-11 15:00:51.978[0;39m [32m INFO[0;39m [35m11424[0;39m [2m---[0;39m [2m[           main][0;39m [36mw.s.c.ServletWebServerApplicationContext[0;39m [2m:[0;39m Root WebApplicationContext: initialization completed in 966 ms
[2m2022-11-11 15:00:52.593[0;39m [32m INFO[0;39m [35m11424[0;39m [2m---[0;39m [2m[           main][0;39m [36mo.s.b.w.embedded.tomcat.TomcatWebServer [0;39m [2m:[0;39m Tomcat started on port(s): 9999 (http) with context path '/vue'
[2m2022-11-11 15:00:59.162[0;39m [32m INFO[0;39m [35m11424[0;39m [2m---[0;39m [2m[nio-9999-exec-1][0;39m [36mo.s.web.servlet.DispatcherServlet       [0;39m [2m:[0;39m Initializing Servlet 'dispatcherServlet'
[2m2022-11-11 15:00:59.163[0;39m [32m INFO[0;39m [35m11424[0;39m [2m---[0;39m [2m[nio-9999-exec-1][0;39m [36mo.s.web.servlet.DispatcherServlet       [0;39m [2m:[0;39m Completed initialization in 1 ms
[2m2022-11-11 15:00:59.185[0;39m [32m INFO[0;39m [35m11424[0;39m [2m---[0;39m [2m[nio-9999-exec-1][0;39m [36mc.ssafy.vue.controller.MemberController [0;39m [2m:[0;39m 사용 가능한 토큰!!!
[2m2022-11-11 15:01:02.217[0;39m [32m INFO[0;39m [35m11424[0;39m [2m---[0;39m [2m[nio-9999-exec-2][0;39m [36mc.ssafy.vue.controller.MemberController [0;39m [2m:[0;39m 사용 가능한 토큰!!!
[2m2022-11-11 15:01:09.020[0;39m [32m INFO[0;39m [35m11424[0;39m [2m---[0;39m [2m[nio-9999-exec-3][0;39m [36mc.ssafy.vue.controller.MemberController [0;39m [2m:[0;39m 사용 가능한 토큰!!!
[2m2022-11-11 15:01:48.735[0;39m [32m INFO[0;39m [35m11424[0;39m [2m---[0;39m [2m[nio-9999-exec-4][0;39m [36mc.ssafy.vue.controller.BoardController  [0;39m [2m:[0;39m listArticle - 호출
[2m2022-11-11 15:17:09.437[0;39m [32m INFO[0;39m [35m11424[0;39m [2m---[0;39m [2m[n(26)-127.0.0.1][0;39m [36minMXBeanRegistrar$SpringApplicationAdmin[0;39m [2m:[0;39m Application shutdown requested.
[2m2022-11-11 15:17:09.516[0;39m [33m WARN[0;39m [35m11424[0;39m [2m---[0;39m [2m[n(26)-127.0.0.1][0;39m [36mo.a.c.loader.WebappClassLoaderBase      [0;39m [2m:[0;39m The web application [vue] appears to have started a thread named [HikariPool-1 housekeeper] but has failed to stop it. This is very likely to create a memory leak. Stack trace of thread:
 sun.misc.Unsafe.park(Native Method)
 java.util.concurrent.locks.LockSupport.parkNanos(LockSupport.java:215)
 java.util.concurrent.locks.AbstractQueuedSynchronizer$ConditionObject.awaitNanos(AbstractQueuedSynchronizer.java:2078)
 java.util.concurrent.ScheduledThreadPoolExecutor$DelayedWorkQueue.take(ScheduledThreadPoolExecutor.java:1093)
 java.util.concurrent.ScheduledThreadPoolExecutor$DelayedWorkQueue.take(ScheduledThreadPoolExecutor.java:809)
 java.util.concurrent.ThreadPoolExecutor.getTask(ThreadPoolExecutor.java:1074)
 java.util.concurrent.ThreadPoolExecutor.runWorker(ThreadPoolExecutor.java:1134)
 java.util.concurrent.ThreadPoolExecutor$Worker.run(ThreadPoolExecutor.java:624)
 java.lang.Thread.run(Thread.java:748)
[2m2022-11-11 15:17:15.671[0;39m [32m INFO[0;39m [35m2964[0;39m [2m---[0;39m [2m[           main][0;39m [36mo.s.b.w.embedded.tomcat.TomcatWebServer [0;39m [2m:[0;39m Tomcat initialized with port(s): 9999 (http)
[2m2022-11-11 15:17:15.758[0;39m [32m INFO[0;39m [35m2964[0;39m [2m---[0;39m [2m[           main][0;39m [36mw.s.c.ServletWebServerApplicationContext[0;39m [2m:[0;39m Root WebApplicationContext: initialization completed in 1031 ms
[2m2022-11-11 15:17:16.397[0;39m [32m INFO[0;39m [35m2964[0;39m [2m---[0;39m [2m[           main][0;39m [36mo.s.b.w.embedded.tomcat.TomcatWebServer [0;39m [2m:[0;39m Tomcat started on port(s): 9999 (http) with context path '/vue'
[2m2022-11-11 15:27:44.705[0;39m [32m INFO[0;39m [35m2964[0;39m [2m---[0;39m [2m[n(20)-127.0.0.1][0;39m [36minMXBeanRegistrar$SpringApplicationAdmin[0;39m [2m:[0;39m Application shutdown requested.
[2m2022-11-11 15:28:57.429[0;39m [32m INFO[0;39m [35m6720[0;39m [2m---[0;39m [2m[           main][0;39m [36mo.s.b.w.embedded.tomcat.TomcatWebServer [0;39m [2m:[0;39m Tomcat initialized with port(s): 9999 (http)
[2m2022-11-11 15:28:57.512[0;39m [32m INFO[0;39m [35m6720[0;39m [2m---[0;39m [2m[           main][0;39m [36mw.s.c.ServletWebServerApplicationContext[0;39m [2m:[0;39m Root WebApplicationContext: initialization completed in 940 ms
[2m2022-11-11 15:28:58.114[0;39m [32m INFO[0;39m [35m6720[0;39m [2m---[0;39m [2m[           main][0;39m [36mo.s.b.w.embedded.tomcat.TomcatWebServer [0;39m [2m:[0;39m Tomcat started on port(s): 9999 (http) with context path '/vue'
[2m2022-11-11 15:32:08.866[0;39m [32m INFO[0;39m [35m6720[0;39m [2m---[0;39m [2m[nio-9999-exec-1][0;39m [36mo.s.web.servlet.DispatcherServlet       [0;39m [2m:[0;39m Initializing Servlet 'dispatcherServlet'
[2m2022-11-11 15:32:08.867[0;39m [32m INFO[0;39m [35m6720[0;39m [2m---[0;39m [2m[nio-9999-exec-1][0;39m [36mo.s.web.servlet.DispatcherServlet       [0;39m [2m:[0;39m Completed initialization in 1 ms
[2m2022-11-11 15:32:08.901[0;39m [32m INFO[0;39m [35m6720[0;39m [2m---[0;39m [2m[nio-9999-exec-1][0;39m [36mc.ssafy.vue.controller.BoardController  [0;39m [2m:[0;39m listArticle - 호출
[2m2022-11-11 15:33:16.358[0;39m [32m INFO[0;39m [35m6720[0;39m [2m---[0;39m [2m[nio-9999-exec-5][0;39m [36mc.ssafy.vue.controller.BoardController  [0;39m [2m:[0;39m listArticle - 호출
[2m2022-11-11 17:59:40.933[0;39m [32m INFO[0;39m [35m6720[0;39m [2m---[0;39m [2m[(160)-127.0.0.1][0;39m [36minMXBeanRegistrar$SpringApplicationAdmin[0;39m [2m:[0;39m Application shutdown requested.
[2m2022-11-11 17:59:41.007[0;39m [33m WARN[0;39m [35m6720[0;39m [2m---[0;39m [2m[(160)-127.0.0.1][0;39m [36mo.a.c.loader.WebappClassLoaderBase      [0;39m [2m:[0;39m The web application [vue] appears to have started a thread named [HikariPool-1 housekeeper] but has failed to stop it. This is very likely to create a memory leak. Stack trace of thread:
 sun.misc.Unsafe.park(Native Method)
 java.util.concurrent.locks.LockSupport.parkNanos(LockSupport.java:215)
 java.util.concurrent.locks.AbstractQueuedSynchronizer$ConditionObject.awaitNanos(AbstractQueuedSynchronizer.java:2078)
 java.util.concurrent.ScheduledThreadPoolExecutor$DelayedWorkQueue.take(ScheduledThreadPoolExecutor.java:1093)
 java.util.concurrent.ScheduledThreadPoolExecutor$DelayedWorkQueue.take(ScheduledThreadPoolExecutor.java:809)
 java.util.concurrent.ThreadPoolExecutor.getTask(ThreadPoolExecutor.java:1074)
 java.util.concurrent.ThreadPoolExecutor.runWorker(ThreadPoolExecutor.java:1134)
 java.util.concurrent.ThreadPoolExecutor$Worker.run(ThreadPoolExecutor.java:624)
 java.lang.Thread.run(Thread.java:748)
[2m2022-11-11 17:59:41.007[0;39m [33m WARN[0;39m [35m6720[0;39m [2m---[0;39m [2m[(160)-127.0.0.1][0;39m [36mo.a.c.loader.WebappClassLoaderBase      [0;39m [2m:[0;39m The web application [vue] appears to have started a thread named [HikariPool-1 connection closer] but has failed to stop it. This is very likely to create a memory leak. Stack trace of thread:
 sun.misc.Unsafe.park(Native Method)
 java.util.concurrent.locks.LockSupport.parkNanos(LockSupport.java:215)
 java.util.concurrent.locks.AbstractQueuedSynchronizer$ConditionObject.awaitNanos(AbstractQueuedSynchronizer.java:2078)
 java.util.concurrent.LinkedBlockingQueue.poll(LinkedBlockingQueue.java:467)
 java.util.concurrent.ThreadPoolExecutor.getTask(ThreadPoolExecutor.java:1073)
 java.util.concurrent.ThreadPoolExecutor.runWorker(ThreadPoolExecutor.java:1134)
 java.util.concurrent.ThreadPoolExecutor$Worker.run(ThreadPoolExecutor.java:624)
 java.lang.Thread.run(Thread.java:748)
[2m2022-11-11 17:59:41.008[0;39m [33m WARN[0;39m [35m6720[0;39m [2m---[0;39m [2m[(160)-127.0.0.1][0;39m [36mo.a.c.loader.WebappClassLoaderBase      [0;39m [2m:[0;39m The web application [vue] appears to have started a thread named [HikariPool-1 connection adder] but has failed to stop it. This is very likely to create a memory leak. Stack trace of thread:
 sun.misc.Unsafe.park(Native Method)
 java.util.concurrent.locks.LockSupport.parkNanos(LockSupport.java:215)
 java.util.concurrent.locks.AbstractQueuedSynchronizer$ConditionObject.awaitNanos(AbstractQueuedSynchronizer.java:2078)
 java.util.concurrent.LinkedBlockingQueue.poll(LinkedBlockingQueue.java:467)
 java.util.concurrent.ThreadPoolExecutor.getTask(ThreadPoolExecutor.java:1073)
 java.util.concurrent.ThreadPoolExecutor.runWorker(ThreadPoolExecutor.java:1134)
 java.util.concurrent.ThreadPoolExecutor$Worker.run(ThreadPoolExecutor.java:624)
 java.lang.Thread.run(Thread.java:748)
